#
# There is insufficient memory for the Java Runtime Environment to continue.
# Native memory allocation (mmap) failed to map 308281344 bytes for Failed to commit area from 0x0000000094b00000 to 0x00000000a7100000 of length 308281344.
# Possible reasons:
#   The system is out of physical RAM or swap space
#   The process is running with CompressedOops enabled, and the Java Heap may be blocking the growth of the native heap
# Possible solutions:
#   Reduce memory load on the system
#   Increase physical memory or swap space
#   Check if swap backing store is full
#   Decrease Java heap size (-Xmx/-Xms)
#   Decrease number of Java threads
#   Decrease Java thread stack sizes (-Xss)
#   Set larger code cache with -XX:ReservedCodeCacheSize=
#   JVM is running with Unscaled Compressed Oops mode in which the Java heap is
#     placed in the first 4GB address space. The Java Heap base address is the
#     maximum limit for the native heap growth. Please use -XX:HeapBaseMinAddress
#     to set the Java Heap base and to place the Java Heap above 4GB virtual address.
# This output file may be truncated or incomplete.
#
#  Out of Memory Error (./src/hotspot/os/windows/os_windows.cpp:3619), pid=5032, tid=11060
#
# JRE version: OpenJDK Runtime Environment (11.0.13) (build 11.0.13+0-b1751.21-8125866)
# Java VM: OpenJDK 64-Bit Server VM (11.0.13+0-b1751.21-8125866, mixed mode, tiered, compressed oops, g1 gc, windows-amd64)
# No core dump will be written. Minidumps are not enabled by default on client versions of Windows
#

---------------  S U M M A R Y ------------

Command Line: --add-opens=java.base/java.util=ALL-UNNAMED --add-opens=java.base/java.lang=ALL-UNNAMED --add-opens=java.base/java.lang.invoke=ALL-UNNAMED --add-opens=java.base/java.util=ALL-UNNAMED --add-opens=java.prefs/java.util.prefs=ALL-UNNAMED --add-opens=java.prefs/java.util.prefs=ALL-UNNAMED --add-opens=java.base/java.nio.charset=ALL-UNNAMED --add-opens=java.base/java.net=ALL-UNNAMED --add-opens=java.base/java.util.concurrent.atomic=ALL-UNNAMED -Xmx2048m -Dfile.encoding=UTF-8 -Duser.country=RU -Duser.language=ru -Duser.variant org.gradle.launcher.daemon.bootstrap.GradleDaemon 7.4

Host: AMD Athlon 300U with Radeon Vega Mobile Gfx    , 4 cores, 3G,  Windows 10 , 64 bit Build 19041 (10.0.19041.1889)
Time: Sun Oct 30 22:06:38 2022 RTZ 2 (зима) elapsed time: 44.676470 seconds (0d 0h 0m 44s)

---------------  T H R E A D  ---------------

Current thread (0x0000025023312800):  VMThread "VM Thread" [stack: 0x000000fec6400000,0x000000fec6500000] [id=11060]

Stack: [0x000000fec6400000,0x000000fec6500000]
[error occurred during error reporting (printing stack bounds), id 0xc0000005, EXCEPTION_ACCESS_VIOLATION (0xc0000005) at pc=0x000002500c34112d]

Native frames: (J=compiled Java code, j=interpreted, Vv=VM code, C=native code)
V  [jvm.dll+0x6100fa]
V  [jvm.dll+0x747090]
V  [jvm.dll+0x7486ad]
V  [jvm.dll+0x748ce5]
V  [jvm.dll+0x748c9b]
V  [jvm.dll+0x60f224]
V  [jvm.dll+0x60f9b8]
C  [ntdll.dll+0xa241f]
C  [ntdll.dll+0x514a4]
C  [ntdll.dll+0xa0f4e]
C  0x000002500c34112d

VM_Operation (0x000000fecb8f5a20): G1CollectForAllocation, mode: safepoint, requested by thread 0x0000025029a6e000


---------------  P R O C E S S  ---------------

Threads class SMR info:
_java_thread_list=0x0000025029de3820, length=85, elements={
0x0000025006ffa800, 0x0000025023315000, 0x0000025023317000, 0x0000025023338800,
0x0000025023339800, 0x000002502333c800, 0x0000025023381800, 0x0000025023387000,
0x0000025023399800, 0x00000250235f8000, 0x0000025024f2d000, 0x0000025024dd2800,
0x000002502560c000, 0x0000025024ee9800, 0x0000025024eea800, 0x0000025025602800,
0x0000025023d6a000, 0x0000025023d6a800, 0x0000025025755000, 0x000002502411d000,
0x0000025025901000, 0x0000025025904000, 0x0000025025901800, 0x0000025025902800,
0x0000025025903800, 0x0000025025900000, 0x0000025025905000, 0x00000250258ff800,
0x0000025025906000, 0x00000250271d4000, 0x00000250271d5000, 0x00000250271d2800,
0x00000250271d1800, 0x00000250271d1000, 0x00000250271da000, 0x00000250271da800,
0x00000250271dd000, 0x00000250271d7800, 0x00000250271dc800, 0x00000250271de000,
0x00000250271db800, 0x00000250271d8800, 0x00000250271df000, 0x00000250271d9000,
0x00000250271df800, 0x0000025029ac5000, 0x0000025029aca000, 0x0000025029ac7800,
0x0000025029ac4800, 0x0000025029acb000, 0x0000025029acb800, 0x0000025029ac9000,
0x0000025029ac6000, 0x0000025029acc800, 0x0000025029ac6800, 0x0000025029acd800,
0x0000025029ace000, 0x0000025029ac8800, 0x0000025029ad1800, 0x0000025029acf000,
0x0000025029ad0800, 0x0000025029acf800, 0x0000025029ad2000, 0x0000025029ad3000,
0x0000025029a67800, 0x0000025029a65000, 0x0000025029a6a000, 0x0000025029a64800,
0x0000025029a69000, 0x0000025029a68800, 0x0000025029a6b800, 0x0000025029a66000,
0x0000025029a6b000, 0x0000025029a6c800, 0x0000025029a66800, 0x0000025029a70800,
0x0000025029a73000, 0x0000025029a6f000, 0x0000025029a6f800, 0x0000025029a72000,
0x0000025029a6e000, 0x0000025029a6d800, 0x0000025029a71800, 0x00000250278ea800,
0x00000250278e8000
}

Java Threads: ( => current thread )
  0x0000025006ffa800 JavaThread "main" [_thread_blocked, id=11140, stack(0x000000fec5e00000,0x000000fec5f00000)]
  0x0000025023315000 JavaThread "Reference Handler" daemon [_thread_blocked, id=6872, stack(0x000000fec6500000,0x000000fec6600000)]
  0x0000025023317000 JavaThread "Finalizer" daemon [_thread_blocked, id=3704, stack(0x000000fec6600000,0x000000fec6700000)]
  0x0000025023338800 JavaThread "Signal Dispatcher" daemon [_thread_blocked, id=2056, stack(0x000000fec6700000,0x000000fec6800000)]
  0x0000025023339800 JavaThread "Attach Listener" daemon [_thread_blocked, id=7952, stack(0x000000fec6800000,0x000000fec6900000)]
  0x000002502333c800 JavaThread "Service Thread" daemon [_thread_blocked, id=1752, stack(0x000000fec6900000,0x000000fec6a00000)]
  0x0000025023381800 JavaThread "C2 CompilerThread0" daemon [_thread_blocked, id=9556, stack(0x000000fec6a00000,0x000000fec6b00000)]
  0x0000025023387000 JavaThread "C1 CompilerThread0" daemon [_thread_blocked, id=7240, stack(0x000000fec6b00000,0x000000fec6c00000)]
  0x0000025023399800 JavaThread "Sweeper thread" daemon [_thread_blocked, id=7432, stack(0x000000fec6c00000,0x000000fec6d00000)]
  0x00000250235f8000 JavaThread "Common-Cleaner" daemon [_thread_blocked, id=6020, stack(0x000000fec6d00000,0x000000fec6e00000)]
  0x0000025024f2d000 JavaThread "Daemon health stats" [_thread_blocked, id=8528, stack(0x000000fec7000000,0x000000fec7100000)]
  0x0000025024dd2800 JavaThread "Incoming local TCP Connector on port 58319" [_thread_in_native, id=4440, stack(0x000000fec7100000,0x000000fec7200000)]
  0x000002502560c000 JavaThread "Daemon periodic checks" [_thread_blocked, id=9688, stack(0x000000fec7200000,0x000000fec7300000)]
  0x0000025024ee9800 JavaThread "Daemon" [_thread_blocked, id=11768, stack(0x000000fec7300000,0x000000fec7400000)]
  0x0000025024eea800 JavaThread "Handler for socket connection from /127.0.0.1:58319 to /127.0.0.1:58320" [_thread_in_native, id=4304, stack(0x000000fec7400000,0x000000fec7500000)]
  0x0000025025602800 JavaThread "Cancel handler" [_thread_blocked, id=8804, stack(0x000000fec7500000,0x000000fec7600000)]
  0x0000025023d6a000 JavaThread "Daemon worker" [_thread_blocked, id=11604, stack(0x000000fec7600000,0x000000fec7700000)]
  0x0000025023d6a800 JavaThread "Asynchronous log dispatcher for DefaultDaemonConnection: socket connection from /127.0.0.1:58319 to /127.0.0.1:58320" [_thread_blocked, id=8872, stack(0x000000fec7700000,0x000000fec7800000)]
  0x0000025025755000 JavaThread "Stdin handler" [_thread_blocked, id=11728, stack(0x000000fec7800000,0x000000fec7900000)]
  0x000002502411d000 JavaThread "Daemon client event forwarder" [_thread_blocked, id=9848, stack(0x000000fec7900000,0x000000fec7a00000)]
  0x0000025025901000 JavaThread "Cache worker for journal cache (C:\Users\trust\.gradle\caches\journal-1)" [_thread_blocked, id=11544, stack(0x000000fec7c00000,0x000000fec7d00000)]
  0x0000025025904000 JavaThread "File lock request listener" [_thread_in_native, id=6444, stack(0x000000fec7d00000,0x000000fec7e00000)]
  0x0000025025901800 JavaThread "Cache worker for file hash cache (C:\Users\trust\.gradle\caches\7.4\fileHashes)" [_thread_blocked, id=10620, stack(0x000000fec7e00000,0x000000fec7f00000)]
  0x0000025025902800 JavaThread "File watcher server" daemon [_thread_blocked, id=9576, stack(0x000000fec7f00000,0x000000fec8000000)]
  0x0000025025903800 JavaThread "File watcher consumer" daemon [_thread_blocked, id=9648, stack(0x000000fec8000000,0x000000fec8100000)]
  0x0000025025900000 JavaThread "Cache worker for checksums cache (C:\Users\trust\AndroidStudioProjects\MyApplicationExcel\.gradle\7.4\checksums)" [_thread_blocked, id=10944, stack(0x000000fec8100000,0x000000fec8200000)]
  0x0000025025905000 JavaThread "Cache worker for cache directory md-rule (C:\Users\trust\.gradle\caches\7.4\md-rule)" [_thread_blocked, id=11484, stack(0x000000fec8200000,0x000000fec8300000)]
  0x00000250258ff800 JavaThread "Cache worker for file hash cache (C:\Users\trust\AndroidStudioProjects\MyApplicationExcel\.gradle\7.4\fileHashes)" [_thread_blocked, id=10200, stack(0x000000fec8300000,0x000000fec8400000)]
  0x0000025025906000 JavaThread "Cache worker for cache directory md-supplier (C:\Users\trust\.gradle\caches\7.4\md-supplier)" [_thread_blocked, id=2320, stack(0x000000fec8400000,0x000000fec8500000)]
  0x00000250271d4000 JavaThread "Cache worker for execution history cache (C:\Users\trust\.gradle\caches\7.4\executionHistory)" [_thread_blocked, id=5392, stack(0x000000fec8500000,0x000000fec8600000)]
  0x00000250271d5000 JavaThread "jar transforms" [_thread_blocked, id=7436, stack(0x000000fec8600000,0x000000fec8700000)]
  0x00000250271d2800 JavaThread "Cache worker for file content cache (C:\Users\trust\.gradle\caches\7.4\fileContent)" [_thread_blocked, id=9740, stack(0x000000fec8700000,0x000000fec8800000)]
  0x00000250271d1800 JavaThread "jar transforms Thread 2" [_thread_blocked, id=812, stack(0x000000fec8800000,0x000000fec8900000)]
  0x00000250271d1000 JavaThread "Cache worker for dependencies-accessors (C:\Users\trust\AndroidStudioProjects\MyApplicationExcel\.gradle\7.4\dependencies-accessors)" [_thread_blocked, id=6692, stack(0x000000fec8900000,0x000000fec8a00000)]
  0x00000250271da000 JavaThread "jar transforms Thread 3" [_thread_blocked, id=8520, stack(0x000000fec8a00000,0x000000fec8b00000)]
  0x00000250271da800 JavaThread "Cache worker for Build Output Cleanup Cache (C:\Users\trust\AndroidStudioProjects\MyApplicationExcel\.gradle\buildOutputCleanup)" [_thread_blocked, id=5308, stack(0x000000fec8b00000,0x000000fec8c00000)]
  0x00000250271dd000 JavaThread "Unconstrained build operations" [_thread_blocked, id=7704, stack(0x000000fec8c00000,0x000000fec8d00000)]
  0x00000250271d7800 JavaThread "Unconstrained build operations Thread 2" [_thread_blocked, id=8616, stack(0x000000fec8d00000,0x000000fec8e00000)]
  0x00000250271dc800 JavaThread "Unconstrained build operations Thread 3" [_thread_blocked, id=7104, stack(0x000000fec8e00000,0x000000fec8f00000)]
  0x00000250271de000 JavaThread "Unconstrained build operations Thread 4" [_thread_blocked, id=3672, stack(0x000000fec8f00000,0x000000fec9000000)]
  0x00000250271db800 JavaThread "Unconstrained build operations Thread 5" [_thread_blocked, id=11888, stack(0x000000fec9000000,0x000000fec9100000)]
  0x00000250271d8800 JavaThread "Unconstrained build operations Thread 6" [_thread_blocked, id=10784, stack(0x000000fec9100000,0x000000fec9200000)]
  0x00000250271df000 JavaThread "Unconstrained build operations Thread 7" [_thread_blocked, id=1720, stack(0x000000fec9200000,0x000000fec9300000)]
  0x00000250271d9000 JavaThread "Unconstrained build operations Thread 8" [_thread_blocked, id=1592, stack(0x000000fec9300000,0x000000fec9400000)]
  0x00000250271df800 JavaThread "Unconstrained build operations Thread 9" [_thread_blocked, id=3432, stack(0x000000fec9400000,0x000000fec9500000)]
  0x0000025029ac5000 JavaThread "Unconstrained build operations Thread 10" [_thread_blocked, id=6900, stack(0x000000fec9500000,0x000000fec9600000)]
  0x0000025029aca000 JavaThread "Unconstrained build operations Thread 11" [_thread_blocked, id=11936, stack(0x000000fec9600000,0x000000fec9700000)]
  0x0000025029ac7800 JavaThread "Unconstrained build operations Thread 12" [_thread_blocked, id=9100, stack(0x000000fec9700000,0x000000fec9800000)]
  0x0000025029ac4800 JavaThread "Unconstrained build operations Thread 13" [_thread_blocked, id=7736, stack(0x000000fec9800000,0x000000fec9900000)]
  0x0000025029acb000 JavaThread "Unconstrained build operations Thread 14" [_thread_blocked, id=10900, stack(0x000000fec9900000,0x000000fec9a00000)]
  0x0000025029acb800 JavaThread "Unconstrained build operations Thread 15" [_thread_blocked, id=2580, stack(0x000000fec9a00000,0x000000fec9b00000)]
  0x0000025029ac9000 JavaThread "Unconstrained build operations Thread 16" [_thread_blocked, id=10432, stack(0x000000fec9b00000,0x000000fec9c00000)]
  0x0000025029ac6000 JavaThread "Unconstrained build operations Thread 17" [_thread_blocked, id=9580, stack(0x000000fec9c00000,0x000000fec9d00000)]
  0x0000025029acc800 JavaThread "Unconstrained build operations Thread 18" [_thread_blocked, id=8920, stack(0x000000fec9d00000,0x000000fec9e00000)]
  0x0000025029ac6800 JavaThread "Unconstrained build operations Thread 19" [_thread_blocked, id=6424, stack(0x000000fec9e00000,0x000000fec9f00000)]
  0x0000025029acd800 JavaThread "Unconstrained build operations Thread 20" [_thread_blocked, id=11000, stack(0x000000fec9f00000,0x000000feca000000)]
  0x0000025029ace000 JavaThread "Unconstrained build operations Thread 21" [_thread_blocked, id=8916, stack(0x000000feca000000,0x000000feca100000)]
  0x0000025029ac8800 JavaThread "Unconstrained build operations Thread 22" [_thread_blocked, id=7920, stack(0x000000feca100000,0x000000feca200000)]
  0x0000025029ad1800 JavaThread "Unconstrained build operations Thread 23" [_thread_blocked, id=6212, stack(0x000000feca200000,0x000000feca300000)]
  0x0000025029acf000 JavaThread "Unconstrained build operations Thread 24" [_thread_blocked, id=7928, stack(0x000000feca300000,0x000000feca400000)]
  0x0000025029ad0800 JavaThread "Unconstrained build operations Thread 25" [_thread_blocked, id=11852, stack(0x000000feca400000,0x000000feca500000)]
  0x0000025029acf800 JavaThread "Unconstrained build operations Thread 26" [_thread_blocked, id=4888, stack(0x000000feca500000,0x000000feca600000)]
  0x0000025029ad2000 JavaThread "Unconstrained build operations Thread 27" [_thread_blocked, id=10520, stack(0x000000feca600000,0x000000feca700000)]
  0x0000025029ad3000 JavaThread "Unconstrained build operations Thread 28" [_thread_blocked, id=1168, stack(0x000000feca700000,0x000000feca800000)]
  0x0000025029a67800 JavaThread "Unconstrained build operations Thread 29" [_thread_blocked, id=11244, stack(0x000000feca800000,0x000000feca900000)]
  0x0000025029a65000 JavaThread "Unconstrained build operations Thread 30" [_thread_blocked, id=6728, stack(0x000000feca900000,0x000000fecaa00000)]
  0x0000025029a6a000 JavaThread "Unconstrained build operations Thread 31" [_thread_blocked, id=7132, stack(0x000000fecaa00000,0x000000fecab00000)]
  0x0000025029a64800 JavaThread "Unconstrained build operations Thread 32" [_thread_blocked, id=5828, stack(0x000000fecab00000,0x000000fecac00000)]
  0x0000025029a69000 JavaThread "Unconstrained build operations Thread 33" [_thread_blocked, id=5912, stack(0x000000fecac00000,0x000000fecad00000)]
  0x0000025029a68800 JavaThread "Unconstrained build operations Thread 34" [_thread_blocked, id=10804, stack(0x000000fecad00000,0x000000fecae00000)]
  0x0000025029a6b800 JavaThread "Unconstrained build operations Thread 35" [_thread_blocked, id=12168, stack(0x000000fecae00000,0x000000fecaf00000)]
  0x0000025029a66000 JavaThread "Unconstrained build operations Thread 36" [_thread_blocked, id=6224, stack(0x000000fecaf00000,0x000000fecb000000)]
  0x0000025029a6b000 JavaThread "Unconstrained build operations Thread 37" [_thread_blocked, id=8280, stack(0x000000fecb000000,0x000000fecb100000)]
  0x0000025029a6c800 JavaThread "Unconstrained build operations Thread 38" [_thread_blocked, id=8084, stack(0x000000fecb100000,0x000000fecb200000)]
  0x0000025029a66800 JavaThread "Unconstrained build operations Thread 39" [_thread_blocked, id=11556, stack(0x000000fecb200000,0x000000fecb300000)]
  0x0000025029a70800 JavaThread "Unconstrained build operations Thread 40" [_thread_blocked, id=12264, stack(0x000000fecb300000,0x000000fecb400000)]
  0x0000025029a73000 JavaThread "jar transforms Thread 4" [_thread_blocked, id=11816, stack(0x000000fecb400000,0x000000fecb500000)]
  0x0000025029a6f000 JavaThread "Memory manager" [_thread_blocked, id=10140, stack(0x000000fecb500000,0x000000fecb600000)]
  0x0000025029a6f800 JavaThread "build event listener" [_thread_blocked, id=6868, stack(0x000000fecb600000,0x000000fecb700000)]
  0x0000025029a72000 JavaThread "included builds" [_thread_blocked, id=8164, stack(0x000000fecb700000,0x000000fecb800000)]
  0x0000025029a6e000 JavaThread "Execution worker for ':'" [_thread_blocked, id=11884, stack(0x000000fecb800000,0x000000fecb900000)]
  0x0000025029a6d800 JavaThread "Execution worker for ':' Thread 2" [_thread_blocked, id=9920, stack(0x000000fecb900000,0x000000fecba00000)]
  0x0000025029a71800 JavaThread "Execution worker for ':' Thread 3" [_thread_blocked, id=5988, stack(0x000000fecba00000,0x000000fecbb00000)]
  0x00000250278ea800 JavaThread "Cache worker for execution history cache (C:\Users\trust\AndroidStudioProjects\MyApplicationExcel\.gradle\7.4\executionHistory)" [_thread_blocked, id=10552, stack(0x000000fecbb00000,0x000000fecbc00000)]
  0x00000250278e8000 JavaThread "WorkerExecutor Queue" [_thread_blocked, id=11844, stack(0x000000fecbc00000,0x000000fecbd00000)]

Other Threads:
=>0x0000025023312800 VMThread "VM Thread" [stack: 0x000000fec6400000,0x000000fec6500000] [id=11060]
  0x0000025023649000 WatcherThread [stack: 0x000000fec6e00000,0x000000fec6f00000] [id=9452]
  0x0000025007014000 GCTaskThread "GC Thread#0" [stack: 0x000000fec5f00000,0x000000fec6000000] [id=2668]
  0x00000250236fa800 GCTaskThread "GC Thread#1" [stack: 0x000000fec6f00000,0x000000fec7000000] [id=11388]
  0x000002502411d800 GCTaskThread "GC Thread#2" [stack: 0x000000fec7a00000,0x000000fec7b00000] [id=8580]
  0x0000025024575800 GCTaskThread "GC Thread#3" [stack: 0x000000fec7b00000,0x000000fec7c00000] [id=7256]
  0x0000025007044800 ConcurrentGCThread "G1 Main Marker" [stack: 0x000000fec6000000,0x000000fec6100000] [id=9404]
  0x0000025007047800 ConcurrentGCThread "G1 Conc#0" [stack: 0x000000fec6100000,0x000000fec6200000] [id=10796]
  0x000002500708f000 ConcurrentGCThread "G1 Refine#0" [stack: 0x000000fec6200000,0x000000fec6300000] [id=1512]
  0x0000025007090000 ConcurrentGCThread "G1 Young RemSet Sampling" [stack: 0x000000fec6300000,0x000000fec6400000] [id=7536]

Threads with active compile tasks:
C2 CompilerThread0  44717 14878       4       com.android.tools.r8.internal.z8::a (168 bytes)
C1 CompilerThread0  44717 15070 %     3       com.android.tools.r8.internal.Kb::p @ 24 (2054 bytes)

VM state:at safepoint (normal execution)

VM Mutex/Monitor currently owned by a thread:  ([mutex/lock_event])
[0x0000025006ff5eb0] Threads_lock - owner thread: 0x0000025023312800
[0x0000025006ff7380] Heap_lock - owner thread: 0x0000025029a6e000

Heap address: 0x0000000080000000, size: 2048 MB, Compressed Oops mode: 32-bit
Narrow klass base: 0x0000000000000000, Narrow klass shift: 3
Compressed class space size: 1073741824 Address: 0x0000000100000000

Heap:
 garbage-first heap   total 640000K, used 168783K [0x0000000080000000, 0x0000000100000000)
  region size 1024K, 8 young (8192K), 8 survivors (8192K)
 Metaspace       used 108254K, capacity 111123K, committed 111228K, reserved 1144832K
  class space    used 13896K, capacity 15042K, committed 15052K, reserved 1048576K
Heap Regions: E=young(eden), S=young(survivor), O=old, HS=humongous(starts), HC=humongous(continues), CS=collection set, F=free, A=archive, TAMS=top-at-mark-start (previous, next)
|   0|0x0000000080000000, 0x0000000080100000, 0x0000000080100000|100%|HS|  |TAMS 0x0000000080100000, 0x0000000080000000| Complete 
|   1|0x0000000080100000, 0x0000000080200000, 0x0000000080200000|100%|HC|  |TAMS 0x0000000080200000, 0x0000000080100000| Complete 
|   2|0x0000000080200000, 0x0000000080300000, 0x0000000080300000|100%|HC|  |TAMS 0x0000000080300000, 0x0000000080200000| Complete 
|   3|0x0000000080300000, 0x0000000080400000, 0x0000000080400000|100%| O|  |TAMS 0x0000000080400000, 0x0000000080300000| Untracked 
|   4|0x0000000080400000, 0x0000000080500000, 0x0000000080500000|100%| O|  |TAMS 0x0000000080500000, 0x0000000080400000| Untracked 
|   5|0x0000000080500000, 0x0000000080600000, 0x0000000080600000|100%| O|  |TAMS 0x0000000080600000, 0x0000000080500000| Untracked 
|   6|0x0000000080600000, 0x0000000080700000, 0x0000000080700000|100%| O|  |TAMS 0x0000000080700000, 0x0000000080600000| Untracked 
|   7|0x0000000080700000, 0x0000000080800000, 0x0000000080800000|100%| O|  |TAMS 0x0000000080800000, 0x0000000080700000| Untracked 
|   8|0x0000000080800000, 0x0000000080900000, 0x0000000080900000|100%| O|  |TAMS 0x0000000080900000, 0x0000000080800000| Untracked 
|   9|0x0000000080900000, 0x0000000080a00000, 0x0000000080a00000|100%| O|  |TAMS 0x0000000080a00000, 0x0000000080900000| Untracked 
|  10|0x0000000080a00000, 0x0000000080b00000, 0x0000000080b00000|100%| O|  |TAMS 0x0000000080b00000, 0x0000000080a00000| Untracked 
|  11|0x0000000080b00000, 0x0000000080c00000, 0x0000000080c00000|100%| O|  |TAMS 0x0000000080c00000, 0x0000000080b00000| Untracked 
|  12|0x0000000080c00000, 0x0000000080d00000, 0x0000000080d00000|100%| O|  |TAMS 0x0000000080d00000, 0x0000000080c00000| Untracked 
|  13|0x0000000080d00000, 0x0000000080e00000, 0x0000000080e00000|100%| O|  |TAMS 0x0000000080e00000, 0x0000000080d00000| Untracked 
|  14|0x0000000080e00000, 0x0000000080f00000, 0x0000000080f00000|100%| O|  |TAMS 0x0000000080f00000, 0x0000000080e00000| Untracked 
|  15|0x0000000080f00000, 0x0000000081000000, 0x0000000081000000|100%| O|  |TAMS 0x0000000081000000, 0x0000000080f00000| Untracked 
|  16|0x0000000081000000, 0x0000000081100000, 0x0000000081100000|100%| O|  |TAMS 0x0000000081100000, 0x0000000081000000| Untracked 
|  17|0x0000000081100000, 0x0000000081200000, 0x0000000081200000|100%| O|  |TAMS 0x0000000081200000, 0x0000000081100000| Untracked 
|  18|0x0000000081200000, 0x0000000081300000, 0x0000000081300000|100%| O|  |TAMS 0x0000000081300000, 0x0000000081200000| Untracked 
|  19|0x0000000081300000, 0x0000000081400000, 0x0000000081400000|100%| O|  |TAMS 0x0000000081400000, 0x0000000081300000| Untracked 
|  20|0x0000000081400000, 0x0000000081500000, 0x0000000081500000|100%| O|  |TAMS 0x0000000081500000, 0x0000000081400000| Untracked 
|  21|0x0000000081500000, 0x0000000081600000, 0x0000000081600000|100%| O|  |TAMS 0x0000000081600000, 0x0000000081500000| Untracked 
|  22|0x0000000081600000, 0x0000000081700000, 0x0000000081700000|100%| O|  |TAMS 0x0000000081700000, 0x0000000081600000| Untracked 
|  23|0x0000000081700000, 0x0000000081800000, 0x0000000081800000|100%| O|  |TAMS 0x0000000081800000, 0x0000000081700000| Untracked 
|  24|0x0000000081800000, 0x0000000081900000, 0x0000000081900000|100%| O|  |TAMS 0x0000000081900000, 0x0000000081800000| Untracked 
|  25|0x0000000081900000, 0x0000000081a00000, 0x0000000081a00000|100%| O|  |TAMS 0x0000000081a00000, 0x0000000081900000| Untracked 
|  26|0x0000000081a00000, 0x0000000081b00000, 0x0000000081b00000|100%| O|  |TAMS 0x0000000081b00000, 0x0000000081a00000| Untracked 
|  27|0x0000000081b00000, 0x0000000081c00000, 0x0000000081c00000|100%| O|  |TAMS 0x0000000081c00000, 0x0000000081b00000| Untracked 
|  28|0x0000000081c00000, 0x0000000081d00000, 0x0000000081d00000|100%| O|  |TAMS 0x0000000081d00000, 0x0000000081c00000| Untracked 
|  29|0x0000000081d00000, 0x0000000081e00000, 0x0000000081e00000|100%|HS|  |TAMS 0x0000000081e00000, 0x0000000081d00000| Complete 
|  30|0x0000000081e00000, 0x0000000081f00000, 0x0000000081f00000|100%|HS|  |TAMS 0x0000000081f00000, 0x0000000081e00000| Complete 
|  31|0x0000000081f00000, 0x0000000082000000, 0x0000000082000000|100%|HS|  |TAMS 0x0000000082000000, 0x0000000081f00000| Complete 
|  32|0x0000000082000000, 0x0000000082100000, 0x0000000082100000|100%|HS|  |TAMS 0x0000000082100000, 0x0000000082000000| Complete 
|  33|0x0000000082100000, 0x0000000082200000, 0x0000000082200000|100%|HC|  |TAMS 0x0000000082200000, 0x0000000082100000| Complete 
|  34|0x0000000082200000, 0x0000000082300000, 0x0000000082300000|100%|HC|  |TAMS 0x0000000082300000, 0x0000000082200000| Complete 
|  35|0x0000000082300000, 0x0000000082400000, 0x0000000082400000|100%|HC|  |TAMS 0x0000000082400000, 0x0000000082300000| Complete 
|  36|0x0000000082400000, 0x0000000082500000, 0x0000000082500000|100%| O|  |TAMS 0x0000000082500000, 0x0000000082400000| Untracked 
|  37|0x0000000082500000, 0x0000000082600000, 0x0000000082600000|100%| O|  |TAMS 0x0000000082600000, 0x0000000082500000| Untracked 
|  38|0x0000000082600000, 0x0000000082700000, 0x0000000082700000|100%| O|  |TAMS 0x0000000082700000, 0x0000000082600000| Untracked 
|  39|0x0000000082700000, 0x0000000082800000, 0x0000000082800000|100%| O|  |TAMS 0x0000000082800000, 0x0000000082700000| Untracked 
|  40|0x0000000082800000, 0x0000000082900000, 0x0000000082900000|100%| O|  |TAMS 0x0000000082900000, 0x0000000082800000| Untracked 
|  41|0x0000000082900000, 0x0000000082a00000, 0x0000000082a00000|100%| O|  |TAMS 0x0000000082a00000, 0x0000000082900000| Untracked 
|  42|0x0000000082a00000, 0x0000000082b00000, 0x0000000082b00000|100%|HS|  |TAMS 0x0000000082b00000, 0x0000000082a00000| Complete 
|  43|0x0000000082b00000, 0x0000000082c00000, 0x0000000082c00000|100%|HC|  |TAMS 0x0000000082c00000, 0x0000000082b00000| Complete 
|  44|0x0000000082c00000, 0x0000000082d00000, 0x0000000082d00000|100%| O|  |TAMS 0x0000000082d00000, 0x0000000082c00000| Untracked 
|  45|0x0000000082d00000, 0x0000000082e00000, 0x0000000082e00000|100%| O|  |TAMS 0x0000000082e00000, 0x0000000082d00000| Untracked 
|  46|0x0000000082e00000, 0x0000000082f00000, 0x0000000082f00000|100%| O|  |TAMS 0x0000000082f00000, 0x0000000082e00000| Untracked 
|  47|0x0000000082f00000, 0x0000000083000000, 0x0000000083000000|100%| O|  |TAMS 0x0000000083000000, 0x0000000082f00000| Untracked 
|  48|0x0000000083000000, 0x0000000083100000, 0x0000000083100000|100%| O|  |TAMS 0x0000000083100000, 0x0000000083000000| Untracked 
|  49|0x0000000083100000, 0x0000000083200000, 0x0000000083200000|100%| O|  |TAMS 0x0000000083200000, 0x0000000083100000| Untracked 
|  50|0x0000000083200000, 0x0000000083300000, 0x0000000083300000|100%| O|  |TAMS 0x0000000083300000, 0x0000000083200000| Untracked 
|  51|0x0000000083300000, 0x0000000083400000, 0x0000000083400000|100%| O|  |TAMS 0x0000000083400000, 0x0000000083300000| Untracked 
|  52|0x0000000083400000, 0x0000000083500000, 0x0000000083500000|100%| O|  |TAMS 0x0000000083500000, 0x0000000083400000| Untracked 
|  53|0x0000000083500000, 0x0000000083600000, 0x0000000083600000|100%| O|  |TAMS 0x0000000083600000, 0x0000000083500000| Untracked 
|  54|0x0000000083600000, 0x0000000083700000, 0x0000000083700000|100%| O|  |TAMS 0x0000000083700000, 0x0000000083600000| Untracked 
|  55|0x0000000083700000, 0x0000000083800000, 0x0000000083800000|100%| O|  |TAMS 0x0000000083800000, 0x0000000083700000| Untracked 
|  56|0x0000000083800000, 0x0000000083900000, 0x0000000083900000|100%| O|  |TAMS 0x0000000083900000, 0x0000000083800000| Untracked 
|  57|0x0000000083900000, 0x0000000083a00000, 0x0000000083a00000|100%| O|  |TAMS 0x0000000083a00000, 0x0000000083900000| Untracked 
|  58|0x0000000083a00000, 0x0000000083b00000, 0x0000000083b00000|100%| O|  |TAMS 0x0000000083b00000, 0x0000000083a00000| Untracked 
|  59|0x0000000083b00000, 0x0000000083c00000, 0x0000000083c00000|100%| O|  |TAMS 0x0000000083c00000, 0x0000000083b00000| Untracked 
|  60|0x0000000083c00000, 0x0000000083d00000, 0x0000000083d00000|100%| O|  |TAMS 0x0000000083d00000, 0x0000000083c00000| Untracked 
|  61|0x0000000083d00000, 0x0000000083e00000, 0x0000000083e00000|100%| O|  |TAMS 0x0000000083e00000, 0x0000000083d00000| Untracked 
|  62|0x0000000083e00000, 0x0000000083f00000, 0x0000000083f00000|100%| O|  |TAMS 0x0000000083f00000, 0x0000000083e00000| Untracked 
|  63|0x0000000083f00000, 0x0000000084000000, 0x0000000084000000|100%| O|  |TAMS 0x0000000084000000, 0x0000000083f00000| Untracked 
|  64|0x0000000084000000, 0x0000000084100000, 0x0000000084100000|100%| O|  |TAMS 0x0000000084100000, 0x0000000084000000| Untracked 
|  65|0x0000000084100000, 0x0000000084200000, 0x0000000084200000|100%| O|  |TAMS 0x0000000084200000, 0x0000000084100000| Untracked 
|  66|0x0000000084200000, 0x0000000084300000, 0x0000000084300000|100%| O|  |TAMS 0x0000000084300000, 0x0000000084200000| Untracked 
|  67|0x0000000084300000, 0x0000000084400000, 0x0000000084400000|100%| O|  |TAMS 0x0000000084400000, 0x0000000084300000| Untracked 
|  68|0x0000000084400000, 0x0000000084500000, 0x0000000084500000|100%| O|  |TAMS 0x0000000084500000, 0x0000000084400000| Untracked 
|  69|0x0000000084500000, 0x0000000084600000, 0x0000000084600000|100%| O|  |TAMS 0x0000000084600000, 0x0000000084500000| Untracked 
|  70|0x0000000084600000, 0x0000000084700000, 0x0000000084700000|100%| O|  |TAMS 0x0000000084700000, 0x0000000084600000| Untracked 
|  71|0x0000000084700000, 0x0000000084800000, 0x0000000084800000|100%| O|  |TAMS 0x0000000084800000, 0x0000000084700000| Untracked 
|  72|0x0000000084800000, 0x0000000084900000, 0x0000000084900000|100%| O|  |TAMS 0x0000000084900000, 0x0000000084800000| Untracked 
|  73|0x0000000084900000, 0x0000000084a00000, 0x0000000084a00000|100%| O|  |TAMS 0x0000000084a00000, 0x0000000084900000| Untracked 
|  74|0x0000000084a00000, 0x0000000084b00000, 0x0000000084b00000|100%| O|  |TAMS 0x0000000084b00000, 0x0000000084a00000| Untracked 
|  75|0x0000000084b00000, 0x0000000084c00000, 0x0000000084c00000|100%| O|  |TAMS 0x0000000084c00000, 0x0000000084b00000| Untracked 
|  76|0x0000000084c00000, 0x0000000084d00000, 0x0000000084d00000|100%| O|  |TAMS 0x0000000084d00000, 0x0000000084c00000| Untracked 
|  77|0x0000000084d00000, 0x0000000084e00000, 0x0000000084e00000|100%| O|  |TAMS 0x0000000084e00000, 0x0000000084d00000| Untracked 
|  78|0x0000000084e00000, 0x0000000084f00000, 0x0000000084f00000|100%| O|  |TAMS 0x0000000084f00000, 0x0000000084e00000| Untracked 
|  79|0x0000000084f00000, 0x0000000085000000, 0x0000000085000000|100%| O|  |TAMS 0x0000000085000000, 0x0000000084f00000| Untracked 
|  80|0x0000000085000000, 0x0000000085100000, 0x0000000085100000|100%| O|  |TAMS 0x0000000085100000, 0x0000000085000000| Untracked 
|  81|0x0000000085100000, 0x0000000085200000, 0x0000000085200000|100%| O|  |TAMS 0x0000000085200000, 0x0000000085100000| Untracked 
|  82|0x0000000085200000, 0x0000000085300000, 0x0000000085300000|100%| O|  |TAMS 0x0000000085300000, 0x0000000085200000| Untracked 
|  83|0x0000000085300000, 0x0000000085400000, 0x0000000085400000|100%| O|  |TAMS 0x0000000085400000, 0x0000000085300000| Untracked 
|  84|0x0000000085400000, 0x0000000085500000, 0x0000000085500000|100%|HS|  |TAMS 0x0000000085500000, 0x0000000085400000| Complete 
|  85|0x0000000085500000, 0x0000000085600000, 0x0000000085600000|100%|HC|  |TAMS 0x0000000085600000, 0x0000000085500000| Complete 
|  86|0x0000000085600000, 0x0000000085700000, 0x0000000085700000|100%| O|  |TAMS 0x0000000085700000, 0x0000000085600000| Untracked 
|  87|0x0000000085700000, 0x0000000085800000, 0x0000000085800000|100%| O|  |TAMS 0x0000000085800000, 0x0000000085700000| Untracked 
|  88|0x0000000085800000, 0x0000000085900000, 0x0000000085900000|100%| O|  |TAMS 0x0000000085900000, 0x0000000085800000| Untracked 
|  89|0x0000000085900000, 0x0000000085a00000, 0x0000000085a00000|100%| O|  |TAMS 0x0000000085a00000, 0x0000000085900000| Untracked 
|  90|0x0000000085a00000, 0x0000000085b00000, 0x0000000085b00000|100%| O|  |TAMS 0x0000000085b00000, 0x0000000085a00000| Untracked 
|  91|0x0000000085b00000, 0x0000000085c00000, 0x0000000085c00000|100%| O|  |TAMS 0x0000000085c00000, 0x0000000085b00000| Untracked 
|  92|0x0000000085c00000, 0x0000000085d00000, 0x0000000085d00000|100%| O|  |TAMS 0x0000000085d00000, 0x0000000085c00000| Untracked 
|  93|0x0000000085d00000, 0x0000000085e00000, 0x0000000085e00000|100%| O|  |TAMS 0x0000000085e00000, 0x0000000085d00000| Untracked 
|  94|0x0000000085e00000, 0x0000000085f00000, 0x0000000085f00000|100%| O|  |TAMS 0x0000000085f00000, 0x0000000085e00000| Untracked 
|  95|0x0000000085f00000, 0x0000000086000000, 0x0000000086000000|100%| O|  |TAMS 0x0000000086000000, 0x0000000085f00000| Untracked 
|  96|0x0000000086000000, 0x0000000086100000, 0x0000000086100000|100%| O|  |TAMS 0x0000000086100000, 0x0000000086000000| Untracked 
|  97|0x0000000086100000, 0x0000000086200000, 0x0000000086200000|100%| O|  |TAMS 0x0000000086200000, 0x0000000086100000| Untracked 
|  98|0x0000000086200000, 0x0000000086300000, 0x0000000086300000|100%| O|  |TAMS 0x0000000086300000, 0x0000000086200000| Untracked 
|  99|0x0000000086300000, 0x0000000086400000, 0x0000000086400000|100%| O|  |TAMS 0x0000000086400000, 0x0000000086300000| Untracked 
| 100|0x0000000086400000, 0x0000000086500000, 0x0000000086500000|100%| O|  |TAMS 0x0000000086500000, 0x0000000086400000| Untracked 
| 101|0x0000000086500000, 0x0000000086600000, 0x0000000086600000|100%| O|  |TAMS 0x0000000086600000, 0x0000000086500000| Untracked 
| 102|0x0000000086600000, 0x0000000086700000, 0x0000000086700000|100%| O|  |TAMS 0x0000000086700000, 0x0000000086600000| Untracked 
| 103|0x0000000086700000, 0x0000000086800000, 0x0000000086800000|100%| O|  |TAMS 0x0000000086800000, 0x0000000086700000| Untracked 
| 104|0x0000000086800000, 0x0000000086900000, 0x0000000086900000|100%| O|  |TAMS 0x0000000086900000, 0x0000000086800000| Untracked 
| 105|0x0000000086900000, 0x0000000086a00000, 0x0000000086a00000|100%| O|  |TAMS 0x0000000086a00000, 0x0000000086900000| Untracked 
| 106|0x0000000086a00000, 0x0000000086b00000, 0x0000000086b00000|100%| O|  |TAMS 0x0000000086b00000, 0x0000000086a00000| Untracked 
| 107|0x0000000086b00000, 0x0000000086c00000, 0x0000000086c00000|100%| O|  |TAMS 0x0000000086c00000, 0x0000000086b00000| Untracked 
| 108|0x0000000086c00000, 0x0000000086d00000, 0x0000000086d00000|100%| O|  |TAMS 0x0000000086d00000, 0x0000000086c00000| Untracked 
| 109|0x0000000086d00000, 0x0000000086e00000, 0x0000000086e00000|100%| O|  |TAMS 0x0000000086e00000, 0x0000000086d00000| Untracked 
| 110|0x0000000086e00000, 0x0000000086f00000, 0x0000000086f00000|100%| O|  |TAMS 0x0000000086f00000, 0x0000000086e00000| Untracked 
| 111|0x0000000086f00000, 0x0000000087000000, 0x0000000087000000|100%| O|  |TAMS 0x0000000087000000, 0x0000000086f00000| Untracked 
| 112|0x0000000087000000, 0x0000000087100000, 0x0000000087100000|100%| O|  |TAMS 0x0000000087100000, 0x0000000087000000| Untracked 
| 113|0x0000000087100000, 0x0000000087200000, 0x0000000087200000|100%| O|  |TAMS 0x0000000087200000, 0x0000000087100000| Untracked 
| 114|0x0000000087200000, 0x0000000087300000, 0x0000000087300000|100%| O|  |TAMS 0x0000000087300000, 0x0000000087200000| Untracked 
| 115|0x0000000087300000, 0x0000000087400000, 0x0000000087400000|100%| O|  |TAMS 0x0000000087400000, 0x0000000087300000| Untracked 
| 116|0x0000000087400000, 0x0000000087500000, 0x0000000087500000|100%| O|  |TAMS 0x0000000087500000, 0x0000000087400000| Untracked 
| 117|0x0000000087500000, 0x0000000087600000, 0x0000000087600000|100%| O|  |TAMS 0x0000000087600000, 0x0000000087500000| Untracked 
| 118|0x0000000087600000, 0x0000000087700000, 0x0000000087700000|100%| O|  |TAMS 0x0000000087700000, 0x0000000087600000| Untracked 
| 119|0x0000000087700000, 0x0000000087800000, 0x0000000087800000|100%| O|  |TAMS 0x0000000087800000, 0x0000000087700000| Untracked 
| 120|0x0000000087800000, 0x0000000087900000, 0x0000000087900000|100%| O|  |TAMS 0x0000000087900000, 0x0000000087800000| Untracked 
| 121|0x0000000087900000, 0x0000000087a00000, 0x0000000087a00000|100%| O|  |TAMS 0x0000000087a00000, 0x0000000087900000| Untracked 
| 122|0x0000000087a00000, 0x0000000087b00000, 0x0000000087b00000|100%| O|  |TAMS 0x0000000087b00000, 0x0000000087a00000| Untracked 
| 123|0x0000000087b00000, 0x0000000087c00000, 0x0000000087c00000|100%| O|  |TAMS 0x0000000087c00000, 0x0000000087b00000| Untracked 
| 124|0x0000000087c00000, 0x0000000087d00000, 0x0000000087d00000|100%| O|  |TAMS 0x0000000087d00000, 0x0000000087c00000| Untracked 
| 125|0x0000000087d00000, 0x0000000087e00000, 0x0000000087e00000|100%| O|  |TAMS 0x0000000087e00000, 0x0000000087d00000| Untracked 
| 126|0x0000000087e00000, 0x0000000087f00000, 0x0000000087f00000|100%| O|  |TAMS 0x0000000087f00000, 0x0000000087e00000| Untracked 
| 127|0x0000000087f00000, 0x0000000088000000, 0x0000000088000000|100%| O|  |TAMS 0x0000000088000000, 0x0000000087f00000| Untracked 
| 128|0x0000000088000000, 0x0000000088100000, 0x0000000088100000|100%| O|  |TAMS 0x0000000088100000, 0x0000000088000000| Untracked 
| 129|0x0000000088100000, 0x0000000088200000, 0x0000000088200000|100%| O|  |TAMS 0x0000000088200000, 0x0000000088100000| Untracked 
| 130|0x0000000088200000, 0x0000000088300000, 0x0000000088300000|100%| O|  |TAMS 0x0000000088300000, 0x0000000088200000| Untracked 
| 131|0x0000000088300000, 0x0000000088400000, 0x0000000088400000|100%| O|  |TAMS 0x0000000088400000, 0x0000000088300000| Untracked 
| 132|0x0000000088400000, 0x0000000088500000, 0x0000000088500000|100%| O|  |TAMS 0x0000000088500000, 0x0000000088400000| Untracked 
| 133|0x0000000088500000, 0x0000000088600000, 0x0000000088600000|100%| O|  |TAMS 0x0000000088600000, 0x0000000088500000| Untracked 
| 134|0x0000000088600000, 0x0000000088700000, 0x0000000088700000|100%| O|  |TAMS 0x0000000088700000, 0x0000000088600000| Untracked 
| 135|0x0000000088700000, 0x0000000088800000, 0x0000000088800000|100%| O|  |TAMS 0x0000000088800000, 0x0000000088700000| Untracked 
| 136|0x0000000088800000, 0x0000000088900000, 0x0000000088900000|100%| O|  |TAMS 0x0000000088900000, 0x0000000088800000| Untracked 
| 137|0x0000000088900000, 0x0000000088a00000, 0x0000000088a00000|100%| O|  |TAMS 0x0000000088a00000, 0x0000000088900000| Untracked 
| 138|0x0000000088a00000, 0x0000000088b00000, 0x0000000088b00000|100%| O|  |TAMS 0x0000000088b00000, 0x0000000088a00000| Untracked 
| 139|0x0000000088b00000, 0x0000000088c00000, 0x0000000088c00000|100%| O|  |TAMS 0x0000000088c00000, 0x0000000088b00000| Untracked 
| 140|0x0000000088c00000, 0x0000000088d00000, 0x0000000088d00000|100%| O|  |TAMS 0x0000000088d00000, 0x0000000088c00000| Untracked 
| 141|0x0000000088d00000, 0x0000000088e00000, 0x0000000088e00000|100%| O|  |TAMS 0x0000000088e00000, 0x0000000088d00000| Untracked 
| 142|0x0000000088e00000, 0x0000000088f00000, 0x0000000088f00000|100%| O|  |TAMS 0x0000000088f00000, 0x0000000088e00000| Untracked 
| 143|0x0000000088f00000, 0x0000000089000000, 0x0000000089000000|100%| O|  |TAMS 0x0000000089000000, 0x0000000088f00000| Untracked 
| 144|0x0000000089000000, 0x0000000089100000, 0x0000000089100000|100%| O|  |TAMS 0x0000000089100000, 0x0000000089000000| Untracked 
| 145|0x0000000089100000, 0x0000000089200000, 0x0000000089200000|100%| O|  |TAMS 0x0000000089200000, 0x0000000089100000| Untracked 
| 146|0x0000000089200000, 0x0000000089300000, 0x0000000089300000|100%| O|  |TAMS 0x0000000089300000, 0x0000000089200000| Untracked 
| 147|0x0000000089300000, 0x0000000089400000, 0x0000000089400000|100%| O|  |TAMS 0x0000000089400000, 0x0000000089300000| Untracked 
| 148|0x0000000089400000, 0x0000000089500000, 0x0000000089500000|100%| O|  |TAMS 0x0000000089500000, 0x0000000089400000| Untracked 
| 149|0x0000000089500000, 0x0000000089600000, 0x0000000089600000|100%| O|  |TAMS 0x0000000089600000, 0x0000000089500000| Untracked 
| 150|0x0000000089600000, 0x0000000089700000, 0x0000000089700000|100%| O|  |TAMS 0x0000000089700000, 0x0000000089600000| Untracked 
| 151|0x0000000089700000, 0x0000000089800000, 0x0000000089800000|100%| O|  |TAMS 0x0000000089800000, 0x0000000089700000| Untracked 
| 152|0x0000000089800000, 0x0000000089900000, 0x0000000089900000|100%| O|  |TAMS 0x0000000089900000, 0x0000000089800000| Untracked 
| 153|0x0000000089900000, 0x0000000089a00000, 0x0000000089a00000|100%| O|  |TAMS 0x0000000089a00000, 0x0000000089900000| Untracked 
| 154|0x0000000089a00000, 0x0000000089b00000, 0x0000000089b00000|100%| O|  |TAMS 0x0000000089b00000, 0x0000000089a00000| Untracked 
| 155|0x0000000089b00000, 0x0000000089c00000, 0x0000000089c00000|100%| O|  |TAMS 0x0000000089c00000, 0x0000000089b00000| Untracked 
| 156|0x0000000089c00000, 0x0000000089cfe200, 0x0000000089d00000| 99%| O|  |TAMS 0x0000000089cfe200, 0x0000000089c00000| Untracked 
| 157|0x0000000089d00000, 0x0000000089d00000, 0x0000000089e00000|  0%| F|  |TAMS 0x0000000089d00000, 0x0000000089d00000| Untracked 
| 158|0x0000000089e00000, 0x0000000089e00000, 0x0000000089f00000|  0%| F|  |TAMS 0x0000000089e00000, 0x0000000089e00000| Untracked 
| 159|0x0000000089f00000, 0x0000000089f00000, 0x000000008a000000|  0%| F|  |TAMS 0x0000000089f00000, 0x0000000089f00000| Untracked 
| 160|0x000000008a000000, 0x000000008a000000, 0x000000008a100000|  0%| F|  |TAMS 0x000000008a000000, 0x000000008a000000| Untracked 
| 161|0x000000008a100000, 0x000000008a100000, 0x000000008a200000|  0%| F|  |TAMS 0x000000008a100000, 0x000000008a100000| Untracked 
| 162|0x000000008a200000, 0x000000008a200000, 0x000000008a300000|  0%| F|  |TAMS 0x000000008a200000, 0x000000008a200000| Untracked 
| 163|0x000000008a300000, 0x000000008a300000, 0x000000008a400000|  0%| F|  |TAMS 0x000000008a300000, 0x000000008a300000| Untracked 
| 164|0x000000008a400000, 0x000000008a400000, 0x000000008a500000|  0%| F|  |TAMS 0x000000008a400000, 0x000000008a400000| Untracked 
| 165|0x000000008a500000, 0x000000008a500000, 0x000000008a600000|  0%| F|  |TAMS 0x000000008a500000, 0x000000008a500000| Untracked 
| 166|0x000000008a600000, 0x000000008a600000, 0x000000008a700000|  0%| F|  |TAMS 0x000000008a600000, 0x000000008a600000| Untracked 
| 167|0x000000008a700000, 0x000000008a700000, 0x000000008a800000|  0%| F|  |TAMS 0x000000008a700000, 0x000000008a700000| Untracked 
| 168|0x000000008a800000, 0x000000008a800000, 0x000000008a900000|  0%| F|  |TAMS 0x000000008a800000, 0x000000008a800000| Untracked 
| 169|0x000000008a900000, 0x000000008a900000, 0x000000008aa00000|  0%| F|  |TAMS 0x000000008a900000, 0x000000008a900000| Untracked 
| 170|0x000000008aa00000, 0x000000008aa00000, 0x000000008ab00000|  0%| F|  |TAMS 0x000000008aa00000, 0x000000008aa00000| Untracked 
| 171|0x000000008ab00000, 0x000000008ab00000, 0x000000008ac00000|  0%| F|  |TAMS 0x000000008ab00000, 0x000000008ab00000| Untracked 
| 172|0x000000008ac00000, 0x000000008ac00000, 0x000000008ad00000|  0%| F|  |TAMS 0x000000008ac00000, 0x000000008ac00000| Untracked 
| 173|0x000000008ad00000, 0x000000008ad00000, 0x000000008ae00000|  0%| F|  |TAMS 0x000000008ad00000, 0x000000008ad00000| Untracked 
| 174|0x000000008ae00000, 0x000000008ae00000, 0x000000008af00000|  0%| F|  |TAMS 0x000000008ae00000, 0x000000008ae00000| Untracked 
| 175|0x000000008af00000, 0x000000008af00000, 0x000000008b000000|  0%| F|  |TAMS 0x000000008af00000, 0x000000008af00000| Untracked 
| 176|0x000000008b000000, 0x000000008b000000, 0x000000008b100000|  0%| F|  |TAMS 0x000000008b000000, 0x000000008b000000| Untracked 
| 177|0x000000008b100000, 0x000000008b100000, 0x000000008b200000|  0%| F|  |TAMS 0x000000008b100000, 0x000000008b100000| Untracked 
| 178|0x000000008b200000, 0x000000008b200000, 0x000000008b300000|  0%| F|  |TAMS 0x000000008b200000, 0x000000008b200000| Untracked 
| 179|0x000000008b300000, 0x000000008b300000, 0x000000008b400000|  0%| F|  |TAMS 0x000000008b300000, 0x000000008b300000| Untracked 
| 180|0x000000008b400000, 0x000000008b400000, 0x000000008b500000|  0%| F|  |TAMS 0x000000008b400000, 0x000000008b400000| Untracked 
| 181|0x000000008b500000, 0x000000008b500000, 0x000000008b600000|  0%| F|  |TAMS 0x000000008b500000, 0x000000008b500000| Untracked 
| 182|0x000000008b600000, 0x000000008b600000, 0x000000008b700000|  0%| F|  |TAMS 0x000000008b600000, 0x000000008b600000| Untracked 
| 183|0x000000008b700000, 0x000000008b700000, 0x000000008b800000|  0%| F|  |TAMS 0x000000008b700000, 0x000000008b700000| Untracked 
| 184|0x000000008b800000, 0x000000008b800000, 0x000000008b900000|  0%| F|  |TAMS 0x000000008b800000, 0x000000008b800000| Untracked 
| 185|0x000000008b900000, 0x000000008b900000, 0x000000008ba00000|  0%| F|  |TAMS 0x000000008b900000, 0x000000008b900000| Untracked 
| 186|0x000000008ba00000, 0x000000008ba00000, 0x000000008bb00000|  0%| F|  |TAMS 0x000000008ba00000, 0x000000008ba00000| Untracked 
| 187|0x000000008bb00000, 0x000000008bb00000, 0x000000008bc00000|  0%| F|  |TAMS 0x000000008bb00000, 0x000000008bb00000| Untracked 
| 188|0x000000008bc00000, 0x000000008bc00000, 0x000000008bd00000|  0%| F|  |TAMS 0x000000008bc00000, 0x000000008bc00000| Untracked 
| 189|0x000000008bd00000, 0x000000008bd00000, 0x000000008be00000|  0%| F|  |TAMS 0x000000008bd00000, 0x000000008bd00000| Untracked 
| 190|0x000000008be00000, 0x000000008be00000, 0x000000008bf00000|  0%| F|  |TAMS 0x000000008be00000, 0x000000008be00000| Untracked 
| 191|0x000000008bf00000, 0x000000008bf00000, 0x000000008c000000|  0%| F|  |TAMS 0x000000008bf00000, 0x000000008bf00000| Untracked 
| 192|0x000000008c000000, 0x000000008c000000, 0x000000008c100000|  0%| F|  |TAMS 0x000000008c000000, 0x000000008c000000| Untracked 
| 193|0x000000008c100000, 0x000000008c100000, 0x000000008c200000|  0%| F|  |TAMS 0x000000008c100000, 0x000000008c100000| Untracked 
| 194|0x000000008c200000, 0x000000008c200000, 0x000000008c300000|  0%| F|  |TAMS 0x000000008c200000, 0x000000008c200000| Untracked 
| 195|0x000000008c300000, 0x000000008c300000, 0x000000008c400000|  0%| F|  |TAMS 0x000000008c300000, 0x000000008c300000| Untracked 
| 196|0x000000008c400000, 0x000000008c400000, 0x000000008c500000|  0%| F|  |TAMS 0x000000008c400000, 0x000000008c400000| Untracked 
| 197|0x000000008c500000, 0x000000008c500000, 0x000000008c600000|  0%| F|  |TAMS 0x000000008c500000, 0x000000008c500000| Untracked 
| 198|0x000000008c600000, 0x000000008c600000, 0x000000008c700000|  0%| F|  |TAMS 0x000000008c600000, 0x000000008c600000| Untracked 
| 199|0x000000008c700000, 0x000000008c700000, 0x000000008c800000|  0%| F|  |TAMS 0x000000008c700000, 0x000000008c700000| Untracked 
| 200|0x000000008c800000, 0x000000008c800000, 0x000000008c900000|  0%| F|  |TAMS 0x000000008c800000, 0x000000008c800000| Untracked 
| 201|0x000000008c900000, 0x000000008c900000, 0x000000008ca00000|  0%| F|  |TAMS 0x000000008c900000, 0x000000008c900000| Untracked 
| 202|0x000000008ca00000, 0x000000008ca00000, 0x000000008cb00000|  0%| F|  |TAMS 0x000000008ca00000, 0x000000008ca00000| Untracked 
| 203|0x000000008cb00000, 0x000000008cb00000, 0x000000008cc00000|  0%| F|  |TAMS 0x000000008cb00000, 0x000000008cb00000| Untracked 
| 204|0x000000008cc00000, 0x000000008cc00000, 0x000000008cd00000|  0%| F|  |TAMS 0x000000008cc00000, 0x000000008cc00000| Untracked 
| 205|0x000000008cd00000, 0x000000008cd00000, 0x000000008ce00000|  0%| F|  |TAMS 0x000000008cd00000, 0x000000008cd00000| Untracked 
| 206|0x000000008ce00000, 0x000000008ce00000, 0x000000008cf00000|  0%| F|  |TAMS 0x000000008ce00000, 0x000000008ce00000| Untracked 
| 207|0x000000008cf00000, 0x000000008cf00000, 0x000000008d000000|  0%| F|  |TAMS 0x000000008cf00000, 0x000000008cf00000| Untracked 
| 208|0x000000008d000000, 0x000000008d000000, 0x000000008d100000|  0%| F|  |TAMS 0x000000008d000000, 0x000000008d000000| Untracked 
| 209|0x000000008d100000, 0x000000008d100000, 0x000000008d200000|  0%| F|  |TAMS 0x000000008d100000, 0x000000008d100000| Untracked 
| 210|0x000000008d200000, 0x000000008d200000, 0x000000008d300000|  0%| F|  |TAMS 0x000000008d200000, 0x000000008d200000| Untracked 
| 211|0x000000008d300000, 0x000000008d300000, 0x000000008d400000|  0%| F|  |TAMS 0x000000008d300000, 0x000000008d300000| Untracked 
| 212|0x000000008d400000, 0x000000008d400000, 0x000000008d500000|  0%| F|  |TAMS 0x000000008d400000, 0x000000008d400000| Untracked 
| 213|0x000000008d500000, 0x000000008d500000, 0x000000008d600000|  0%| F|  |TAMS 0x000000008d500000, 0x000000008d500000| Untracked 
| 214|0x000000008d600000, 0x000000008d600000, 0x000000008d700000|  0%| F|  |TAMS 0x000000008d600000, 0x000000008d600000| Untracked 
| 215|0x000000008d700000, 0x000000008d700000, 0x000000008d800000|  0%| F|  |TAMS 0x000000008d700000, 0x000000008d700000| Untracked 
| 216|0x000000008d800000, 0x000000008d800000, 0x000000008d900000|  0%| F|  |TAMS 0x000000008d800000, 0x000000008d800000| Untracked 
| 217|0x000000008d900000, 0x000000008d900000, 0x000000008da00000|  0%| F|  |TAMS 0x000000008d900000, 0x000000008d900000| Untracked 
| 218|0x000000008da00000, 0x000000008da00000, 0x000000008db00000|  0%| F|  |TAMS 0x000000008da00000, 0x000000008da00000| Untracked 
| 219|0x000000008db00000, 0x000000008db00000, 0x000000008dc00000|  0%| F|  |TAMS 0x000000008db00000, 0x000000008db00000| Untracked 
| 220|0x000000008dc00000, 0x000000008dc00000, 0x000000008dd00000|  0%| F|  |TAMS 0x000000008dc00000, 0x000000008dc00000| Untracked 
| 221|0x000000008dd00000, 0x000000008dd00000, 0x000000008de00000|  0%| F|  |TAMS 0x000000008dd00000, 0x000000008dd00000| Untracked 
| 222|0x000000008de00000, 0x000000008de00000, 0x000000008df00000|  0%| F|  |TAMS 0x000000008de00000, 0x000000008de00000| Untracked 
| 223|0x000000008df00000, 0x000000008df00000, 0x000000008e000000|  0%| F|  |TAMS 0x000000008df00000, 0x000000008df00000| Untracked 
| 224|0x000000008e000000, 0x000000008e000000, 0x000000008e100000|  0%| F|  |TAMS 0x000000008e000000, 0x000000008e000000| Untracked 
| 225|0x000000008e100000, 0x000000008e100000, 0x000000008e200000|  0%| F|  |TAMS 0x000000008e100000, 0x000000008e100000| Untracked 
| 226|0x000000008e200000, 0x000000008e200000, 0x000000008e300000|  0%| F|  |TAMS 0x000000008e200000, 0x000000008e200000| Untracked 
| 227|0x000000008e300000, 0x000000008e300000, 0x000000008e400000|  0%| F|  |TAMS 0x000000008e300000, 0x000000008e300000| Untracked 
| 228|0x000000008e400000, 0x000000008e400000, 0x000000008e500000|  0%| F|  |TAMS 0x000000008e400000, 0x000000008e400000| Untracked 
| 229|0x000000008e500000, 0x000000008e500000, 0x000000008e600000|  0%| F|  |TAMS 0x000000008e500000, 0x000000008e500000| Untracked 
| 230|0x000000008e600000, 0x000000008e600000, 0x000000008e700000|  0%| F|  |TAMS 0x000000008e600000, 0x000000008e600000| Untracked 
| 231|0x000000008e700000, 0x000000008e700000, 0x000000008e800000|  0%| F|  |TAMS 0x000000008e700000, 0x000000008e700000| Untracked 
| 232|0x000000008e800000, 0x000000008e800000, 0x000000008e900000|  0%| F|  |TAMS 0x000000008e800000, 0x000000008e800000| Untracked 
| 233|0x000000008e900000, 0x000000008e900000, 0x000000008ea00000|  0%| F|  |TAMS 0x000000008e900000, 0x000000008e900000| Untracked 
| 234|0x000000008ea00000, 0x000000008ea00000, 0x000000008eb00000|  0%| F|  |TAMS 0x000000008ea00000, 0x000000008ea00000| Untracked 
| 235|0x000000008eb00000, 0x000000008eb00000, 0x000000008ec00000|  0%| F|  |TAMS 0x000000008eb00000, 0x000000008eb00000| Untracked 
| 236|0x000000008ec00000, 0x000000008ec00000, 0x000000008ed00000|  0%| F|  |TAMS 0x000000008ec00000, 0x000000008ec00000| Untracked 
| 237|0x000000008ed00000, 0x000000008edd5d98, 0x000000008ee00000| 83%| S|CS|TAMS 0x000000008ed00000, 0x000000008ed00000| Complete 
| 238|0x000000008ee00000, 0x000000008ef00000, 0x000000008ef00000|100%| S|CS|TAMS 0x000000008ee00000, 0x000000008ee00000| Complete 
| 239|0x000000008ef00000, 0x000000008f000000, 0x000000008f000000|100%| S|CS|TAMS 0x000000008ef00000, 0x000000008ef00000| Complete 
| 240|0x000000008f000000, 0x000000008f100000, 0x000000008f100000|100%| S|CS|TAMS 0x000000008f000000, 0x000000008f000000| Complete 
| 241|0x000000008f100000, 0x000000008f200000, 0x000000008f200000|100%| S|CS|TAMS 0x000000008f100000, 0x000000008f100000| Complete 
| 242|0x000000008f200000, 0x000000008f300000, 0x000000008f300000|100%| S|CS|TAMS 0x000000008f200000, 0x000000008f200000| Complete 
| 243|0x000000008f300000, 0x000000008f400000, 0x000000008f400000|100%| S|CS|TAMS 0x000000008f300000, 0x000000008f300000| Complete 
| 244|0x000000008f400000, 0x000000008f500000, 0x000000008f500000|100%| S|CS|TAMS 0x000000008f400000, 0x000000008f400000| Complete 
| 245|0x000000008f500000, 0x000000008f500000, 0x000000008f600000|  0%| F|  |TAMS 0x000000008f500000, 0x000000008f500000| Untracked 
| 246|0x000000008f600000, 0x000000008f600000, 0x000000008f700000|  0%| F|  |TAMS 0x000000008f600000, 0x000000008f600000| Untracked 
| 247|0x000000008f700000, 0x000000008f700000, 0x000000008f800000|  0%| F|  |TAMS 0x000000008f700000, 0x000000008f700000| Untracked 
| 248|0x000000008f800000, 0x000000008f800000, 0x000000008f900000|  0%| F|  |TAMS 0x000000008f800000, 0x000000008f800000| Untracked 
| 249|0x000000008f900000, 0x000000008f900000, 0x000000008fa00000|  0%| F|  |TAMS 0x000000008f900000, 0x000000008f900000| Untracked 
| 250|0x000000008fa00000, 0x000000008fa00000, 0x000000008fb00000|  0%| F|  |TAMS 0x000000008fa00000, 0x000000008fa00000| Untracked 
| 251|0x000000008fb00000, 0x000000008fb00000, 0x000000008fc00000|  0%| F|  |TAMS 0x000000008fb00000, 0x000000008fb00000| Untracked 
| 252|0x000000008fc00000, 0x000000008fc00000, 0x000000008fd00000|  0%| F|  |TAMS 0x000000008fc00000, 0x000000008fc00000| Untracked 
| 253|0x000000008fd00000, 0x000000008fd00000, 0x000000008fe00000|  0%| F|  |TAMS 0x000000008fd00000, 0x000000008fd00000| Untracked 
| 254|0x000000008fe00000, 0x000000008fe00000, 0x000000008ff00000|  0%| F|  |TAMS 0x000000008fe00000, 0x000000008fe00000| Untracked 
| 255|0x000000008ff00000, 0x000000008ff00000, 0x0000000090000000|  0%| F|  |TAMS 0x000000008ff00000, 0x000000008ff00000| Untracked 
| 256|0x0000000090000000, 0x0000000090000000, 0x0000000090100000|  0%| F|  |TAMS 0x0000000090000000, 0x0000000090000000| Untracked 
| 257|0x0000000090100000, 0x0000000090100000, 0x0000000090200000|  0%| F|  |TAMS 0x0000000090100000, 0x0000000090100000| Untracked 
| 258|0x0000000090200000, 0x0000000090200000, 0x0000000090300000|  0%| F|  |TAMS 0x0000000090200000, 0x0000000090200000| Untracked 
| 259|0x0000000090300000, 0x0000000090300000, 0x0000000090400000|  0%| F|  |TAMS 0x0000000090300000, 0x0000000090300000| Untracked 
| 260|0x0000000090400000, 0x0000000090400000, 0x0000000090500000|  0%| F|  |TAMS 0x0000000090400000, 0x0000000090400000| Untracked 
| 261|0x0000000090500000, 0x0000000090500000, 0x0000000090600000|  0%| F|  |TAMS 0x0000000090500000, 0x0000000090500000| Untracked 
| 262|0x0000000090600000, 0x0000000090600000, 0x0000000090700000|  0%| F|  |TAMS 0x0000000090600000, 0x0000000090600000| Untracked 
| 263|0x0000000090700000, 0x0000000090700000, 0x0000000090800000|  0%| F|  |TAMS 0x0000000090700000, 0x0000000090700000| Untracked 
| 264|0x0000000090800000, 0x0000000090800000, 0x0000000090900000|  0%| F|  |TAMS 0x0000000090800000, 0x0000000090800000| Untracked 
| 265|0x0000000090900000, 0x0000000090900000, 0x0000000090a00000|  0%| F|  |TAMS 0x0000000090900000, 0x0000000090900000| Untracked 
| 266|0x0000000090a00000, 0x0000000090a00000, 0x0000000090b00000|  0%| F|  |TAMS 0x0000000090a00000, 0x0000000090a00000| Untracked 
| 267|0x0000000090b00000, 0x0000000090b00000, 0x0000000090c00000|  0%| F|  |TAMS 0x0000000090b00000, 0x0000000090b00000| Untracked 
| 268|0x0000000090c00000, 0x0000000090c00000, 0x0000000090d00000|  0%| F|  |TAMS 0x0000000090c00000, 0x0000000090c00000| Untracked 
| 269|0x0000000090d00000, 0x0000000090d00000, 0x0000000090e00000|  0%| F|  |TAMS 0x0000000090d00000, 0x0000000090d00000| Untracked 
| 270|0x0000000090e00000, 0x0000000090e00000, 0x0000000090f00000|  0%| F|  |TAMS 0x0000000090e00000, 0x0000000090e00000| Untracked 
| 271|0x0000000090f00000, 0x0000000090f00000, 0x0000000091000000|  0%| F|  |TAMS 0x0000000090f00000, 0x0000000090f00000| Untracked 
| 272|0x0000000091000000, 0x0000000091000000, 0x0000000091100000|  0%| F|  |TAMS 0x0000000091000000, 0x0000000091000000| Untracked 
| 273|0x0000000091100000, 0x0000000091100000, 0x0000000091200000|  0%| F|  |TAMS 0x0000000091100000, 0x0000000091100000| Untracked 
| 274|0x0000000091200000, 0x0000000091200000, 0x0000000091300000|  0%| F|  |TAMS 0x0000000091200000, 0x0000000091200000| Untracked 
| 275|0x0000000091300000, 0x0000000091300000, 0x0000000091400000|  0%| F|  |TAMS 0x0000000091300000, 0x0000000091300000| Untracked 
| 276|0x0000000091400000, 0x0000000091400000, 0x0000000091500000|  0%| F|  |TAMS 0x0000000091400000, 0x0000000091400000| Untracked 
| 277|0x0000000091500000, 0x0000000091500000, 0x0000000091600000|  0%| F|  |TAMS 0x0000000091500000, 0x0000000091500000| Untracked 
| 278|0x0000000091600000, 0x0000000091600000, 0x0000000091700000|  0%| F|  |TAMS 0x0000000091600000, 0x0000000091600000| Untracked 
| 279|0x0000000091700000, 0x0000000091700000, 0x0000000091800000|  0%| F|  |TAMS 0x0000000091700000, 0x0000000091700000| Untracked 
| 280|0x0000000091800000, 0x0000000091800000, 0x0000000091900000|  0%| F|  |TAMS 0x0000000091800000, 0x0000000091800000| Untracked 
| 281|0x0000000091900000, 0x0000000091900000, 0x0000000091a00000|  0%| F|  |TAMS 0x0000000091900000, 0x0000000091900000| Untracked 
| 282|0x0000000091a00000, 0x0000000091a00000, 0x0000000091b00000|  0%| F|  |TAMS 0x0000000091a00000, 0x0000000091a00000| Untracked 
| 283|0x0000000091b00000, 0x0000000091b00000, 0x0000000091c00000|  0%| F|  |TAMS 0x0000000091b00000, 0x0000000091b00000| Untracked 
| 284|0x0000000091c00000, 0x0000000091c00000, 0x0000000091d00000|  0%| F|  |TAMS 0x0000000091c00000, 0x0000000091c00000| Untracked 
| 285|0x0000000091d00000, 0x0000000091d00000, 0x0000000091e00000|  0%| F|  |TAMS 0x0000000091d00000, 0x0000000091d00000| Untracked 
| 286|0x0000000091e00000, 0x0000000091e00000, 0x0000000091f00000|  0%| F|  |TAMS 0x0000000091e00000, 0x0000000091e00000| Untracked 
| 287|0x0000000091f00000, 0x0000000091f00000, 0x0000000092000000|  0%| F|  |TAMS 0x0000000091f00000, 0x0000000091f00000| Untracked 
| 288|0x0000000092000000, 0x0000000092000000, 0x0000000092100000|  0%| F|  |TAMS 0x0000000092000000, 0x0000000092000000| Untracked 
| 289|0x0000000092100000, 0x0000000092100000, 0x0000000092200000|  0%| F|  |TAMS 0x0000000092100000, 0x0000000092100000| Untracked 
| 290|0x0000000092200000, 0x0000000092200000, 0x0000000092300000|  0%| F|  |TAMS 0x0000000092200000, 0x0000000092200000| Untracked 
| 291|0x0000000092300000, 0x0000000092300000, 0x0000000092400000|  0%| F|  |TAMS 0x0000000092300000, 0x0000000092300000| Untracked 
| 292|0x0000000092400000, 0x0000000092400000, 0x0000000092500000|  0%| F|  |TAMS 0x0000000092400000, 0x0000000092400000| Untracked 
| 293|0x0000000092500000, 0x0000000092500000, 0x0000000092600000|  0%| F|  |TAMS 0x0000000092500000, 0x0000000092500000| Untracked 
| 294|0x0000000092600000, 0x0000000092600000, 0x0000000092700000|  0%| F|  |TAMS 0x0000000092600000, 0x0000000092600000| Untracked 
| 295|0x0000000092700000, 0x0000000092700000, 0x0000000092800000|  0%| F|  |TAMS 0x0000000092700000, 0x0000000092700000| Untracked 
| 296|0x0000000092800000, 0x0000000092800000, 0x0000000092900000|  0%| F|  |TAMS 0x0000000092800000, 0x0000000092800000| Untracked 
| 297|0x0000000092900000, 0x0000000092900000, 0x0000000092a00000|  0%| F|  |TAMS 0x0000000092900000, 0x0000000092900000| Untracked 
| 298|0x0000000092a00000, 0x0000000092a00000, 0x0000000092b00000|  0%| F|  |TAMS 0x0000000092a00000, 0x0000000092a00000| Untracked 
| 299|0x0000000092b00000, 0x0000000092b00000, 0x0000000092c00000|  0%| F|  |TAMS 0x0000000092b00000, 0x0000000092b00000| Untracked 
| 300|0x0000000092c00000, 0x0000000092c00000, 0x0000000092d00000|  0%| F|  |TAMS 0x0000000092c00000, 0x0000000092c00000| Untracked 
| 301|0x0000000092d00000, 0x0000000092d00000, 0x0000000092e00000|  0%| F|  |TAMS 0x0000000092d00000, 0x0000000092d00000| Untracked 
| 302|0x0000000092e00000, 0x0000000092e00000, 0x0000000092f00000|  0%| F|  |TAMS 0x0000000092e00000, 0x0000000092e00000| Untracked 
| 303|0x0000000092f00000, 0x0000000092f00000, 0x0000000093000000|  0%| F|  |TAMS 0x0000000092f00000, 0x0000000092f00000| Untracked 
| 304|0x0000000093000000, 0x0000000093000000, 0x0000000093100000|  0%| F|  |TAMS 0x0000000093000000, 0x0000000093000000| Untracked 
| 305|0x0000000093100000, 0x0000000093100000, 0x0000000093200000|  0%| F|  |TAMS 0x0000000093100000, 0x0000000093100000| Untracked 
| 306|0x0000000093200000, 0x0000000093200000, 0x0000000093300000|  0%| F|  |TAMS 0x0000000093200000, 0x0000000093200000| Untracked 
| 307|0x0000000093300000, 0x0000000093300000, 0x0000000093400000|  0%| F|  |TAMS 0x0000000093300000, 0x0000000093300000| Untracked 
| 308|0x0000000093400000, 0x0000000093400000, 0x0000000093500000|  0%| F|  |TAMS 0x0000000093400000, 0x0000000093400000| Untracked 
| 309|0x0000000093500000, 0x0000000093500000, 0x0000000093600000|  0%| F|  |TAMS 0x0000000093500000, 0x0000000093500000| Untracked 
| 310|0x0000000093600000, 0x0000000093600000, 0x0000000093700000|  0%| F|  |TAMS 0x0000000093600000, 0x0000000093600000| Untracked 
| 311|0x0000000093700000, 0x0000000093700000, 0x0000000093800000|  0%| F|  |TAMS 0x0000000093700000, 0x0000000093700000| Untracked 
| 312|0x0000000093800000, 0x0000000093800000, 0x0000000093900000|  0%| F|  |TAMS 0x0000000093800000, 0x0000000093800000| Untracked 
| 313|0x0000000093900000, 0x0000000093900000, 0x0000000093a00000|  0%| F|  |TAMS 0x0000000093900000, 0x0000000093900000| Untracked 
| 314|0x0000000093a00000, 0x0000000093a00000, 0x0000000093b00000|  0%| F|  |TAMS 0x0000000093a00000, 0x0000000093a00000| Untracked 
| 315|0x0000000093b00000, 0x0000000093b00000, 0x0000000093c00000|  0%| F|  |TAMS 0x0000000093b00000, 0x0000000093b00000| Untracked 
| 316|0x0000000093c00000, 0x0000000093c00000, 0x0000000093d00000|  0%| F|  |TAMS 0x0000000093c00000, 0x0000000093c00000| Untracked 
| 317|0x0000000093d00000, 0x0000000093d00000, 0x0000000093e00000|  0%| F|  |TAMS 0x0000000093d00000, 0x0000000093d00000| Untracked 
| 318|0x0000000093e00000, 0x0000000093e00000, 0x0000000093f00000|  0%| F|  |TAMS 0x0000000093e00000, 0x0000000093e00000| Untracked 
| 319|0x0000000093f00000, 0x0000000093f00000, 0x0000000094000000|  0%| F|  |TAMS 0x0000000093f00000, 0x0000000093f00000| Untracked 
| 320|0x0000000094000000, 0x0000000094000000, 0x0000000094100000|  0%| F|  |TAMS 0x0000000094000000, 0x0000000094000000| Untracked 
| 321|0x0000000094100000, 0x0000000094100000, 0x0000000094200000|  0%| F|  |TAMS 0x0000000094100000, 0x0000000094100000| Untracked 
| 322|0x0000000094200000, 0x0000000094200000, 0x0000000094300000|  0%| F|  |TAMS 0x0000000094200000, 0x0000000094200000| Untracked 
| 323|0x0000000094300000, 0x0000000094300000, 0x0000000094400000|  0%| F|  |TAMS 0x0000000094300000, 0x0000000094300000| Untracked 
| 324|0x0000000094400000, 0x0000000094400000, 0x0000000094500000|  0%| F|  |TAMS 0x0000000094400000, 0x0000000094400000| Untracked 
| 325|0x0000000094500000, 0x0000000094500000, 0x0000000094600000|  0%| F|  |TAMS 0x0000000094500000, 0x0000000094500000| Untracked 
| 326|0x0000000094600000, 0x0000000094600000, 0x0000000094700000|  0%| F|  |TAMS 0x0000000094600000, 0x0000000094600000| Untracked 
| 327|0x0000000094700000, 0x0000000094700000, 0x0000000094800000|  0%| F|  |TAMS 0x0000000094700000, 0x0000000094700000| Untracked 
| 328|0x0000000094800000, 0x0000000094800000, 0x0000000094900000|  0%| F|  |TAMS 0x0000000094800000, 0x0000000094800000| Untracked 
| 329|0x0000000094900000, 0x0000000094900000, 0x0000000094a00000|  0%| F|  |TAMS 0x0000000094900000, 0x0000000094900000| Untracked 
| 330|0x0000000094a00000, 0x0000000094a00000, 0x0000000094b00000|  0%| F|  |TAMS 0x0000000094a00000, 0x0000000094a00000| Untracked 

Card table byte_map: [0x000002501bd70000,0x000002501c170000] _byte_map_base: 0x000002501b970000

Marking Bits (Prev, Next): (CMBitMap*) 0x000002500703ba10, (CMBitMap*) 0x000002500703b9d8
 Prev Bits: [0x000002501e570000, 0x0000025020570000)
 Next Bits: [0x000002501c570000, 0x000002501e570000)

Polling page: 0x0000025006eb0000

Metaspace:

Usage:
  Non-class:     93.83 MB capacity,    92.15 MB ( 98%) used,     1.33 MB (  1%) free+waste,   358.50 KB ( <1%) overhead. 
      Class:     14.69 MB capacity,    13.57 MB ( 92%) used,   983.93 KB (  7%) free+waste,   161.44 KB (  1%) overhead. 
       Both:    108.52 MB capacity,   105.72 MB ( 97%) used,     2.29 MB (  2%) free+waste,   519.94 KB ( <1%) overhead. 

Virtual space:
  Non-class space:       94.00 MB reserved,      93.92 MB (>99%) committed 
      Class space:        1.00 GB reserved,      14.70 MB (  1%) committed 
             Both:        1.09 GB reserved,     108.62 MB ( 10%) committed 

Chunk freelists:
   Non-Class:  31.00 KB
       Class:  0 bytes
        Both:  31.00 KB

MaxMetaspaceSize: 17179869184.00 GB
CompressedClassSpaceSize: 1.00 GB
Initial GC threshold: 20.80 MB
Current GC threshold: 180.62 MB
CDS: off

CodeHeap 'non-profiled nmethods': size=120064Kb used=6171Kb max_used=6171Kb free=113892Kb
 bounds [0x0000025013e00000, 0x0000025014410000, 0x000002501b340000]
CodeHeap 'profiled nmethods': size=120000Kb used=35063Kb max_used=35063Kb free=84936Kb
 bounds [0x000002500c8d0000, 0x000002500eb10000, 0x0000025013e00000]
CodeHeap 'non-nmethods': size=5696Kb used=2404Kb max_used=2455Kb free=3291Kb
 bounds [0x000002500c340000, 0x000002500c5b0000, 0x000002500c8d0000]
 total_blobs=15577 nmethods=14644 adapters=844
 compilation: enabled
              stopped_count=0, restarted_count=0
 full_count=0

Compilation events (20 events):
Event: 44.614 Thread 0x0000025023387000 nmethod 15051 0x000002500eb0b210 code [0x000002500eb0b3c0, 0x000002500eb0b518]
Event: 44.614 Thread 0x0000025023387000 15056       1       com.android.tools.r8.internal.lf::w (2 bytes)
Event: 44.614 Thread 0x0000025023387000 nmethod 15056 0x0000025014406b90 code [0x0000025014406d40, 0x0000025014406df8]
Event: 44.614 Thread 0x0000025023387000 15061       2       com.android.tools.r8.internal.u8::a (12 bytes)
Event: 44.614 Thread 0x0000025023387000 nmethod 15061 0x000002500eb0b610 code [0x000002500eb0b7e0, 0x000002500eb0b938]
Event: 44.614 Thread 0x0000025023387000 15062       2       com.android.tools.r8.internal.Pn::e (133 bytes)
Event: 44.615 Thread 0x0000025023387000 nmethod 15062 0x000002500eb0ba90 code [0x000002500eb0bd00, 0x000002500eb0c238]
Event: 44.615 Thread 0x0000025023387000 15068       2       com.android.tools.r8.graph.d::b (40 bytes)
Event: 44.616 Thread 0x0000025023387000 nmethod 15068 0x000002500eb0c710 code [0x000002500eb0c8e0, 0x000002500eb0cab8]
Event: 44.616 Thread 0x0000025023387000 15066       2       com.android.tools.r8.internal.nT::c (6 bytes)
Event: 44.616 Thread 0x0000025023387000 nmethod 15066 0x000002500eb0cc90 code [0x000002500eb0ce40, 0x000002500eb0cf38]
Event: 44.616 Thread 0x0000025023387000 15063       2       com.android.tools.r8.graph.n0::N1 (14 bytes)
Event: 44.617 Thread 0x0000025023387000 nmethod 15063 0x000002500eb0d010 code [0x000002500eb0d1c0, 0x000002500eb0d2f8]
Event: 44.617 Thread 0x0000025023387000 15064       2       com.android.tools.r8.graph.proto.g::f (13 bytes)
Event: 44.617 Thread 0x0000025023387000 nmethod 15064 0x000002500eb0d410 code [0x000002500eb0d5c0, 0x000002500eb0d6d8]
Event: 44.617 Thread 0x0000025023387000 15065       2       com.android.tools.r8.internal.IU::<init> (6 bytes)
Event: 44.617 Thread 0x0000025023387000 nmethod 15065 0x000002500eb0d790 code [0x000002500eb0d940, 0x000002500eb0da68]
Event: 44.617 Thread 0x0000025023387000 15069       2       com.android.tools.r8.internal.r7$$Lambda$1461/0x0000000100d9d440::test (16 bytes)
Event: 44.617 Thread 0x0000025023387000 nmethod 15069 0x000002500eb0db10 code [0x000002500eb0dcc0, 0x000002500eb0de48]
Event: 44.618 Thread 0x0000025023387000 15070 %     3       com.android.tools.r8.internal.Kb::p @ 24 (2054 bytes)

GC Heap History (20 events):
Event: 38.319 GC heap after
{Heap after GC invocations=55 (full 0):
 garbage-first heap   total 176128K, used 108282K [0x0000000080000000, 0x0000000100000000)
  region size 1024K, 6 young (6144K), 6 survivors (6144K)
 Metaspace       used 98553K, capacity 100887K, committed 101116K, reserved 1136640K
  class space    used 12656K, capacity 13558K, committed 13644K, reserved 1048576K
}
Event: 38.573 GC heap before
{Heap before GC invocations=55 (full 0):
 garbage-first heap   total 176128K, used 144122K [0x0000000080000000, 0x0000000100000000)
  region size 1024K, 41 young (41984K), 6 survivors (6144K)
 Metaspace       used 99446K, capacity 101754K, committed 102012K, reserved 1138688K
  class space    used 12761K, capacity 13654K, committed 13772K, reserved 1048576K
}
Event: 38.607 GC heap after
{Heap after GC invocations=56 (full 0):
 garbage-first heap   total 176128K, used 115476K [0x0000000080000000, 0x0000000100000000)
  region size 1024K, 6 young (6144K), 6 survivors (6144K)
 Metaspace       used 99446K, capacity 101754K, committed 102012K, reserved 1138688K
  class space    used 12761K, capacity 13654K, committed 13772K, reserved 1048576K
}
Event: 39.018 GC heap before
{Heap before GC invocations=56 (full 0):
 garbage-first heap   total 176128K, used 144148K [0x0000000080000000, 0x0000000100000000)
  region size 1024K, 35 young (35840K), 6 survivors (6144K)
 Metaspace       used 100022K, capacity 102433K, committed 102652K, reserved 1138688K
  class space    used 12854K, capacity 13811K, committed 13900K, reserved 1048576K
}
Event: 39.044 GC heap after
{Heap after GC invocations=57 (full 0):
 garbage-first heap   total 211968K, used 120100K [0x0000000080000000, 0x0000000100000000)
  region size 1024K, 5 young (5120K), 5 survivors (5120K)
 Metaspace       used 100022K, capacity 102433K, committed 102652K, reserved 1138688K
  class space    used 12854K, capacity 13811K, committed 13900K, reserved 1048576K
}
Event: 39.317 GC heap before
{Heap before GC invocations=58 (full 0):
 garbage-first heap   total 211968K, used 163108K [0x0000000080000000, 0x0000000100000000)
  region size 1024K, 47 young (48128K), 5 survivors (5120K)
 Metaspace       used 100649K, capacity 103082K, committed 103292K, reserved 1138688K
  class space    used 12929K, capacity 13918K, committed 14028K, reserved 1048576K
}
Event: 39.347 GC heap after
{Heap after GC invocations=59 (full 0):
 garbage-first heap   total 211968K, used 128521K [0x0000000080000000, 0x0000000100000000)
  region size 1024K, 6 young (6144K), 6 survivors (6144K)
 Metaspace       used 100649K, capacity 103082K, committed 103292K, reserved 1138688K
  class space    used 12929K, capacity 13918K, committed 14028K, reserved 1048576K
}
Event: 39.455 GC heap before
{Heap before GC invocations=59 (full 0):
 garbage-first heap   total 211968K, used 168457K [0x0000000080000000, 0x0000000100000000)
  region size 1024K, 45 young (46080K), 6 survivors (6144K)
 Metaspace       used 100918K, capacity 103419K, committed 103548K, reserved 1138688K
  class space    used 12969K, capacity 13965K, committed 14028K, reserved 1048576K
}
Event: 39.485 GC heap after
{Heap after GC invocations=60 (full 0):
 garbage-first heap   total 211968K, used 136192K [0x0000000080000000, 0x0000000100000000)
  region size 1024K, 6 young (6144K), 6 survivors (6144K)
 Metaspace       used 100918K, capacity 103419K, committed 103548K, reserved 1138688K
  class space    used 12969K, capacity 13965K, committed 14028K, reserved 1048576K
}
Event: 39.634 GC heap before
{Heap before GC invocations=60 (full 0):
 garbage-first heap   total 211968K, used 173056K [0x0000000080000000, 0x0000000100000000)
  region size 1024K, 42 young (43008K), 6 survivors (6144K)
 Metaspace       used 101201K, capacity 103689K, committed 103932K, reserved 1138688K
  class space    used 13034K, capacity 14033K, committed 14156K, reserved 1048576K
}
Event: 39.660 GC heap after
{Heap after GC invocations=61 (full 0):
 garbage-first heap   total 211968K, used 143360K [0x0000000080000000, 0x0000000100000000)
  region size 1024K, 6 young (6144K), 6 survivors (6144K)
 Metaspace       used 101201K, capacity 103689K, committed 103932K, reserved 1138688K
  class space    used 13034K, capacity 14033K, committed 14156K, reserved 1048576K
}
Event: 40.138 GC heap before
{Heap before GC invocations=61 (full 0):
 garbage-first heap   total 211968K, used 175104K [0x0000000080000000, 0x0000000100000000)
  region size 1024K, 37 young (37888K), 6 survivors (6144K)
 Metaspace       used 101945K, capacity 104370K, committed 104828K, reserved 1140736K
  class space    used 13140K, capacity 14097K, committed 14284K, reserved 1048576K
}
Event: 40.176 GC heap after
{Heap after GC invocations=62 (full 0):
 garbage-first heap   total 338944K, used 148812K [0x0000000080000000, 0x0000000100000000)
  region size 1024K, 5 young (5120K), 5 survivors (5120K)
 Metaspace       used 101945K, capacity 104370K, committed 104828K, reserved 1140736K
  class space    used 13140K, capacity 14097K, committed 14284K, reserved 1048576K
}
Event: 41.048 GC heap before
{Heap before GC invocations=63 (full 0):
 garbage-first heap   total 338944K, used 219468K [0x0000000080000000, 0x0000000100000000)
  region size 1024K, 74 young (75776K), 5 survivors (5120K)
 Metaspace       used 104200K, capacity 106730K, committed 106876K, reserved 1142784K
  class space    used 13467K, capacity 14469K, committed 14540K, reserved 1048576K
}
Event: 41.104 GC heap after
{Heap after GC invocations=64 (full 0):
 garbage-first heap   total 338944K, used 159665K [0x0000000080000000, 0x0000000100000000)
  region size 1024K, 10 young (10240K), 10 survivors (10240K)
 Metaspace       used 104200K, capacity 106730K, committed 106876K, reserved 1142784K
  class space    used 13467K, capacity 14469K, committed 14540K, reserved 1048576K
}
Event: 42.247 GC heap before
{Heap before GC invocations=64 (full 0):
 garbage-first heap   total 338944K, used 233393K [0x0000000080000000, 0x0000000100000000)
  region size 1024K, 82 young (83968K), 10 survivors (10240K)
 Metaspace       used 106377K, capacity 109132K, committed 109180K, reserved 1144832K
  class space    used 13703K, capacity 14774K, committed 14796K, reserved 1048576K
}
Event: 42.292 GC heap after
{Heap after GC invocations=65 (full 0):
 garbage-first heap   total 338944K, used 164122K [0x0000000080000000, 0x0000000100000000)
  region size 1024K, 9 young (9216K), 9 survivors (9216K)
 Metaspace       used 106377K, capacity 109132K, committed 109180K, reserved 1144832K
  class space    used 13703K, capacity 14774K, committed 14796K, reserved 1048576K
}
Event: 43.167 GC heap before
{Heap before GC invocations=65 (full 0):
 garbage-first heap   total 338944K, used 239898K [0x0000000080000000, 0x0000000100000000)
  region size 1024K, 84 young (86016K), 9 survivors (9216K)
 Metaspace       used 107508K, capacity 110333K, committed 110460K, reserved 1144832K
  class space    used 13847K, capacity 14959K, committed 15052K, reserved 1048576K
}
Event: 43.193 GC heap after
{Heap after GC invocations=66 (full 0):
 garbage-first heap   total 338944K, used 166136K [0x0000000080000000, 0x0000000100000000)
  region size 1024K, 6 young (6144K), 6 survivors (6144K)
 Metaspace       used 107508K, capacity 110333K, committed 110460K, reserved 1144832K
  class space    used 13847K, capacity 14959K, committed 15052K, reserved 1048576K
}
Event: 44.619 GC heap before
{Heap before GC invocations=67 (full 0):
 garbage-first heap   total 338944K, used 248056K [0x0000000080000000, 0x0000000100000000)
  region size 1024K, 86 young (88064K), 6 survivors (6144K)
 Metaspace       used 108254K, capacity 111123K, committed 111228K, reserved 1144832K
  class space    used 13896K, capacity 15042K, committed 15052K, reserved 1048576K
}

Deoptimization events (20 events):
Event: 44.417 Thread 0x00000250271de000 DEOPT PACKING pc=0x00000250143be080 sp=0x000000fec8ff8850
Event: 44.417 Thread 0x00000250271de000 DEOPT UNPACKING pc=0x000002500c38a1af sp=0x000000fec8ff8718 mode 2
Event: 44.418 Thread 0x00000250271de000 Uncommon trap: trap_request=0xffffff4d fr.pc=0x00000250143c0f90 relative=0x0000000000000070
Event: 44.418 Thread 0x00000250271de000 Uncommon trap: reason=unstable_if action=reinterpret pc=0x00000250143c0f90 method=com.android.tools.r8.internal.E20.b()Z @ 11 c2
Event: 44.418 Thread 0x00000250271de000 DEOPT PACKING pc=0x00000250143c0f90 sp=0x000000fec8ff87e0
Event: 44.418 Thread 0x00000250271de000 DEOPT UNPACKING pc=0x000002500c38a1af sp=0x000000fec8ff8768 mode 2
Event: 44.552 Thread 0x00000250271de000 DEOPT PACKING pc=0x000002500e4908ec sp=0x000000fec8ff65f0
Event: 44.552 Thread 0x00000250271de000 DEOPT UNPACKING pc=0x000002500c38a95e sp=0x000000fec8ff5b88 mode 0
Event: 44.569 Thread 0x00000250271de000 Uncommon trap: trap_request=0xffffff7e fr.pc=0x00000250144027ec relative=0x000000000000298c
Event: 44.569 Thread 0x00000250271de000 Uncommon trap: reason=predicate action=maybe_recompile pc=0x00000250144027ec method=com.android.tools.r8.internal.GM.a(Lcom/android/tools/r8/internal/Pn;Ljava/util/Set;)Z @ 331 c2
Event: 44.569 Thread 0x00000250271de000 DEOPT PACKING pc=0x00000250144027ec sp=0x000000fec8ff8e60
Event: 44.569 Thread 0x00000250271de000 DEOPT UNPACKING pc=0x000002500c38a1af sp=0x000000fec8ff8ea8 mode 2
Event: 44.576 Thread 0x000002502560c000 Uncommon trap: trap_request=0xffffffc6 fr.pc=0x00000250143d9d6c relative=0x000000000000052c
Event: 44.576 Thread 0x000002502560c000 Uncommon trap: reason=bimorphic_or_optimized_type_check action=maybe_recompile pc=0x00000250143d9d6c method=java.util.HashMap.removeNode(ILjava/lang/Object;Ljava/lang/Object;ZZ)Ljava/util/HashMap$Node; @ 283 c2
Event: 44.576 Thread 0x000002502560c000 DEOPT PACKING pc=0x00000250143d9d6c sp=0x000000fec72fe920
Event: 44.576 Thread 0x000002502560c000 DEOPT UNPACKING pc=0x000002500c38a1af sp=0x000000fec72fe8a8 mode 2
Event: 44.576 Thread 0x000002502560c000 Uncommon trap: trap_request=0xffffff4d fr.pc=0x00000250143da07c relative=0x000000000000083c
Event: 44.576 Thread 0x000002502560c000 Uncommon trap: reason=unstable_if action=reinterpret pc=0x00000250143da07c method=java.util.HashMap.removeNode(ILjava/lang/Object;Ljava/lang/Object;ZZ)Ljava/util/HashMap$Node; @ 58 c2
Event: 44.576 Thread 0x000002502560c000 DEOPT PACKING pc=0x00000250143da07c sp=0x000000fec72fe920
Event: 44.576 Thread 0x000002502560c000 DEOPT UNPACKING pc=0x000002500c38a1af sp=0x000000fec72fe8a8 mode 2

Classes redefined (0 events):
No events

Internal exceptions (20 events):
Event: 38.135 Thread 0x00000250271df800 Exception <a 'java/lang/NoSuchMethodError'{0x000000008959e038}: 'void java.lang.invoke.DirectMethodHandle$Holder.invokeStatic(java.lang.Object, java.lang.Object, java.lang.Object, int)'> (0x000000008959e038) thrown at [./src/hotspot/share/interpreter/linkResolver.cpp, line 773]
Event: 38.135 Thread 0x00000250271de000 Exception <a 'java/lang/NoSuchMethodError'{0x000000008958d1d0}: 'void java.lang.invoke.DirectMethodHandle$Holder.invokeStatic(java.lang.Object, java.lang.Object, java.lang.Object, int)'> (0x000000008958d1d0) thrown at [./src/hotspot/share/interpreter/linkResolver.cpp, line 773]
Event: 38.137 Thread 0x00000250271de000 Exception <a 'java/lang/IncompatibleClassChangeError'{0x00000000895a9a28}: Found class java.lang.Object, but interface was expected> (0x00000000895a9a28) thrown at [./src/hotspot/share/interpreter/linkResolver.cpp, line 839]
Event: 38.488 Thread 0x0000025029a6e000 Exception <a 'sun/nio/fs/WindowsException'{0x00000000894676b0}> (0x00000000894676b0) thrown at [./src/hotspot/share/prims/jni.cpp, line 616]
Event: 38.927 Thread 0x00000250271df800 Exception <a 'java/lang/NoSuchMethodError'{0x0000000089460630}: 'java.lang.Object java.lang.invoke.DirectMethodHandle$Holder.invokeStatic(java.lang.Object, int, java.lang.Object, java.lang.Object)'> (0x0000000089460630) thrown at [./src/hotspot/share/interpreter/linkResolver.cpp, line 773]
Event: 39.287 Thread 0x00000250271df800 Exception <a 'java/lang/NoSuchMethodError'{0x000000008ad0bf08}: 'long java.lang.invoke.DirectMethodHandle$Holder.invokeStatic(java.lang.Object, java.lang.Object)'> (0x000000008ad0bf08) thrown at [./src/hotspot/share/interpreter/linkResolver.cpp, line 773]
Event: 39.451 Thread 0x00000250271df800 Exception <a 'java/lang/IncompatibleClassChangeError'{0x000000008a957b00}: Found class java.lang.Object, but interface was expected> (0x000000008a957b00) thrown at [./src/hotspot/share/interpreter/linkResolver.cpp, line 839]
Event: 39.453 Thread 0x00000250271df800 Exception <a 'java/lang/IncompatibleClassChangeError'{0x000000008a9ff808}: Found class java.lang.Object, but interface was expected> (0x000000008a9ff808) thrown at [./src/hotspot/share/interpreter/linkResolver.cpp, line 839]
Event: 39.938 Thread 0x0000025029a6e000 Exception <a 'java/lang/NoSuchMethodError'{0x000000008c0b2c88}: 'void java.lang.invoke.DirectMethodHandle$Holder.invokeSpecial(java.lang.Object, java.lang.Object, int, java.lang.Object)'> (0x000000008c0b2c88) thrown at [./src/hotspot/share/interpreter/linkResolver.cpp, line 773]
Event: 40.661 Thread 0x00000250271df800 Exception <a 'java/lang/NoSuchMethodError'{0x0000000091fa0fa8}: 'java.lang.Object java.lang.invoke.DirectMethodHandle$Holder.invokeInterface(java.lang.Object, java.lang.Object, int)'> (0x0000000091fa0fa8) thrown at [./src/hotspot/share/interpreter/linkResolver.cpp, line 773]
Event: 41.183 Thread 0x00000250271df800 Exception <a 'java/lang/NoSuchMethodError'{0x00000000946ccec8}: 'java.lang.Object java.lang.invoke.DirectMethodHandle$Holder.invokeSpecial(java.lang.Object, java.lang.Object, java.lang.Object, java.lang.Object, java.lang.Object, java.lang.Object, java.lang.Object, java.lang.Object, java.lang.Object, java.lang.Object, java.lang.Object)'> (0x00000000946ccec8) thrown at [./src/hotspot/share/interpreter/linkResolver.cpp, line 773]
Event: 41.185 Thread 0x00000250271df800 Exception <a 'java/lang/NoSuchMethodError'{0x00000000946d8ab0}: 'java.lang.Object java.lang.invoke.Invokers$Holder.linkToTargetMethod(java.lang.Object, java.lang.Object, java.lang.Object, java.lang.Object, java.lang.Object, java.lang.Object, java.lang.Object, java.lang.Object, java.lang.Object, java.lang.Object)'> (0x00000000946d8ab0) thrown at [./src/hotspot/share/interpreter/linkResolver.cpp, line 773]
Event: 41.217 Thread 0x00000250271df800 Exception <a 'java/lang/IncompatibleClassChangeError'{0x000000009440d408}: Found class java.lang.Object, but interface was expected> (0x000000009440d408) thrown at [./src/hotspot/share/interpreter/linkResolver.cpp, line 839]
Event: 41.719 Thread 0x00000250271df800 Exception <a 'java/lang/NoSuchMethodError'{0x0000000091ed8c98}: 'java.lang.Object java.lang.invoke.Invokers$Holder.linkToTargetMethod(java.lang.Object, int, java.lang.Object, java.lang.Object, java.lang.Object, java.lang.Object)'> (0x0000000091ed8c98) thrown at [./src/hotspot/share/interpreter/linkResolver.cpp, line 773]
Event: 41.920 Thread 0x00000250271df800 Exception <a 'java/lang/NoSuchMethodError'{0x000000009197dd50}: 'void java.lang.invoke.DirectMethodHandle$Holder.invokeStatic(java.lang.Object, java.lang.Object, java.lang.Object, java.lang.Object, java.lang.Object, java.lang.Object, java.lang.Object, java.lang.Object)'> (0x000000009197dd50) thrown at [./src/hotspot/share/interpreter/linkResolver.cpp, line 773]
Event: 42.394 Thread 0x00000250271de000 Exception <a 'java/lang/NoSuchMethodError'{0x0000000093ee8408}: 'int java.lang.invoke.DirectMethodHandle$Holder.invokeInterface(java.lang.Object, java.lang.Object, int)'> (0x0000000093ee8408) thrown at [./src/hotspot/share/interpreter/linkResolver.cpp, line 773]
Event: 42.865 Thread 0x00000250271df800 Exception <a 'java/lang/IncompatibleClassChangeError'{0x00000000919d0a80}: Found class java.lang.Object, but interface was expected> (0x00000000919d0a80) thrown at [./src/hotspot/share/interpreter/linkResolver.cpp, line 839]
Event: 43.163 Thread 0x00000250271df800 Exception <a 'java/lang/NoSuchMethodError'{0x00000000901c6330}: 'void java.lang.invoke.DirectMethodHandle$Holder.invokeSpecial(java.lang.Object, java.lang.Object, int)'> (0x00000000901c6330) thrown at [./src/hotspot/share/interpreter/linkResolver.cpp, line 773]
Event: 43.412 Thread 0x00000250271df800 Exception <a 'sun/nio/fs/WindowsException'{0x000000009451aef8}> (0x000000009451aef8) thrown at [./src/hotspot/share/prims/jni.cpp, line 616]
Event: 44.164 Thread 0x0000025029a67800 Exception <a 'java/lang/NoSuchMethodError'{0x000000009227af50}: 'void java.lang.invoke.DirectMethodHandle$Holder.invokeSpecialIFC(java.lang.Object, java.lang.Object, java.lang.Object, java.lang.Object)'> (0x000000009227af50) thrown at [./src/hotspot/share/interpreter/linkResolver.cpp, line 773]

Events (20 events):
Event: 44.231 loading class com/android/tools/r8/code/W0 done
Event: 44.232 loading class com/android/tools/r8/code/W0
Event: 44.232 loading class com/android/tools/r8/code/W0 done
Event: 44.232 loading class com/android/tools/r8/code/W0
Event: 44.232 loading class com/android/tools/r8/code/W0 done
Event: 44.232 loading class com/android/tools/r8/code/W0
Event: 44.232 loading class com/android/tools/r8/code/W0 done
Event: 44.232 loading class com/android/tools/r8/code/W0
Event: 44.232 loading class com/android/tools/r8/code/W0 done
Event: 44.299 Executing VM operation: ICBufferFull
Event: 44.300 Executing VM operation: ICBufferFull done
Event: 44.336 loading class com/android/tools/r8/internal/GM
Event: 44.336 loading class com/android/tools/r8/internal/GM done
Event: 44.502 loading class com/android/tools/r8/code/z0
Event: 44.502 loading class com/android/tools/r8/code/z0 done
Event: 44.519 Executing VM operation: ICBufferFull
Event: 44.520 Executing VM operation: ICBufferFull done
Event: 44.576 loading class com/android/tools/r8/code/y0
Event: 44.576 loading class com/android/tools/r8/code/y0 done
Event: 44.618 Executing VM operation: G1CollectForAllocation


Dynamic libraries:
0x00007ff7704e0000 - 0x00007ff7704ea000 	C:\Program Files\Android\Android Studio\jre\bin\java.exe
0x00007ffd9ec10000 - 0x00007ffd9ee08000 	C:\Windows\SYSTEM32\ntdll.dll
0x00007ffd9cec0000 - 0x00007ffd9cf7d000 	C:\Windows\System32\KERNEL32.DLL
0x00007ffd9c990000 - 0x00007ffd9cc62000 	C:\Windows\System32\KERNELBASE.dll
0x00007ffd9c840000 - 0x00007ffd9c940000 	C:\Windows\System32\ucrtbase.dll
0x00007ffd967b0000 - 0x00007ffd967c7000 	C:\Program Files\Android\Android Studio\jre\bin\VCRUNTIME140.dll
0x00007ffd7ebc0000 - 0x00007ffd7ebd9000 	C:\Program Files\Android\Android Studio\jre\bin\jli.dll
0x00007ffd9e800000 - 0x00007ffd9e99d000 	C:\Windows\System32\USER32.dll
0x00007ffd84f10000 - 0x00007ffd851aa000 	C:\Windows\WinSxS\amd64_microsoft.windows.common-controls_6595b64144ccf1df_6.0.19041.1110_none_60b5254171f9507e\COMCTL32.dll
0x00007ffd9c7e0000 - 0x00007ffd9c802000 	C:\Windows\System32\win32u.dll
0x00007ffd9e6b0000 - 0x00007ffd9e74e000 	C:\Windows\System32\msvcrt.dll
0x00007ffd9eab0000 - 0x00007ffd9eadb000 	C:\Windows\System32\GDI32.dll
0x00007ffd9c6d0000 - 0x00007ffd9c7df000 	C:\Windows\System32\gdi32full.dll
0x00007ffd9c580000 - 0x00007ffd9c61d000 	C:\Windows\System32\msvcp_win.dll
0x00007ffd9e4d0000 - 0x00007ffd9e500000 	C:\Windows\System32\IMM32.DLL
0x00007ffd6d960000 - 0x00007ffd6d9fd000 	C:\Program Files\Android\Android Studio\jre\bin\msvcp140.dll
0x00007ffd54f20000 - 0x00007ffd55a22000 	C:\Program Files\Android\Android Studio\jre\bin\server\jvm.dll
0x00007ffd9e750000 - 0x00007ffd9e7fe000 	C:\Windows\System32\ADVAPI32.dll
0x00007ffd9e430000 - 0x00007ffd9e4cc000 	C:\Windows\System32\sechost.dll
0x00007ffd9e300000 - 0x00007ffd9e425000 	C:\Windows\System32\RPCRT4.dll
0x00007ffd9eae0000 - 0x00007ffd9eae8000 	C:\Windows\System32\PSAPI.DLL
0x00007ffd87a60000 - 0x00007ffd87a69000 	C:\Windows\SYSTEM32\WSOCK32.dll
0x00007ffd9eb00000 - 0x00007ffd9eb6b000 	C:\Windows\System32\WS2_32.dll
0x00007ffd93e70000 - 0x00007ffd93e97000 	C:\Windows\SYSTEM32\WINMM.dll
0x00007ffd93fb0000 - 0x00007ffd93fba000 	C:\Windows\SYSTEM32\VERSION.dll
0x00007ffd9a1e0000 - 0x00007ffd9a1f2000 	C:\Windows\SYSTEM32\kernel.appcore.dll
0x00007ffd8b330000 - 0x00007ffd8b341000 	C:\Program Files\Android\Android Studio\jre\bin\verify.dll
0x00007ffd89a40000 - 0x00007ffd89c24000 	C:\Windows\SYSTEM32\DBGHELP.DLL
0x00007ffd85690000 - 0x00007ffd856bc000 	C:\Windows\SYSTEM32\dbgcore.DLL
0x00007ffd9c320000 - 0x00007ffd9c3a2000 	C:\Windows\System32\bcryptPrimitives.dll
0x00007ffd89eb0000 - 0x00007ffd89ed9000 	C:\Program Files\Android\Android Studio\jre\bin\java.dll
0x00007ffd96800000 - 0x00007ffd9680b000 	C:\Program Files\Android\Android Studio\jre\bin\jimage.dll
0x00007ffd84000000 - 0x00007ffd84018000 	C:\Program Files\Android\Android Studio\jre\bin\zip.dll
0x00007ffd9d610000 - 0x00007ffd9dd53000 	C:\Windows\System32\SHELL32.dll
0x00007ffd9a3e0000 - 0x00007ffd9ab71000 	C:\Windows\SYSTEM32\windows.storage.dll
0x00007ffd9dd60000 - 0x00007ffd9e0b4000 	C:\Windows\System32\combase.dll
0x00007ffd9bca0000 - 0x00007ffd9bcd0000 	C:\Windows\SYSTEM32\Wldp.dll
0x00007ffd9d560000 - 0x00007ffd9d60d000 	C:\Windows\System32\SHCORE.dll
0x00007ffd9e9a0000 - 0x00007ffd9e9f5000 	C:\Windows\System32\shlwapi.dll
0x00007ffd9c260000 - 0x00007ffd9c27f000 	C:\Windows\SYSTEM32\profapi.dll
0x00007ffd83e90000 - 0x00007ffd83eaa000 	C:\Program Files\Android\Android Studio\jre\bin\net.dll
0x00007ffd87a80000 - 0x00007ffd87b8d000 	C:\Windows\SYSTEM32\WINHTTP.dll
0x00007ffd9ba00000 - 0x00007ffd9ba6a000 	C:\Windows\system32\mswsock.dll
0x00007ffd83a40000 - 0x00007ffd83a54000 	C:\Program Files\Android\Android Studio\jre\bin\nio.dll
0x00007ffd79ed0000 - 0x00007ffd79ef7000 	C:\Users\trust\.gradle\native\e1d6ef7f7dcc3fd88c89a11ec53ec762bb8ba0a96d01ffa2cd45eb1d1d8dd5c5\windows-amd64\native-platform.dll
0x00007ffd5c810000 - 0x00007ffd5c954000 	C:\Users\trust\.gradle\native\0d407fdbe67a94daf76414ababcb853783967236a71b16ec16e742cd7a986fd3\windows-amd64\native-platform-file-events.dll
0x00007ffd96780000 - 0x00007ffd9678a000 	C:\Program Files\Android\Android Studio\jre\bin\management.dll
0x00007ffd89d90000 - 0x00007ffd89d9d000 	C:\Program Files\Android\Android Studio\jre\bin\management_ext.dll
0x00007ffd9bc00000 - 0x00007ffd9bc18000 	C:\Windows\SYSTEM32\CRYPTSP.dll
0x00007ffd9b320000 - 0x00007ffd9b354000 	C:\Windows\system32\rsaenh.dll
0x00007ffd9c810000 - 0x00007ffd9c837000 	C:\Windows\System32\bcrypt.dll
0x00007ffd9c1e0000 - 0x00007ffd9c20e000 	C:\Windows\SYSTEM32\USERENV.dll
0x00007ffd9bbf0000 - 0x00007ffd9bbfc000 	C:\Windows\SYSTEM32\CRYPTBASE.dll
0x00007ffd9b6f0000 - 0x00007ffd9b72b000 	C:\Windows\SYSTEM32\IPHLPAPI.DLL
0x00007ffd9eaf0000 - 0x00007ffd9eaf8000 	C:\Windows\System32\NSI.dll
0x00007ffd91c20000 - 0x00007ffd91c37000 	C:\Windows\SYSTEM32\dhcpcsvc6.DLL
0x00007ffd93950000 - 0x00007ffd9396d000 	C:\Windows\SYSTEM32\dhcpcsvc.DLL
0x00007ffd9b730000 - 0x00007ffd9b7fa000 	C:\Windows\SYSTEM32\DNSAPI.dll

dbghelp: loaded successfully - version: 4.0.5 - missing functions: none
symbol engine: initialized successfully - sym options: 0x614 - pdb path: .;C:\Program Files\Android\Android Studio\jre\bin;C:\Windows\SYSTEM32;C:\Windows\WinSxS\amd64_microsoft.windows.common-controls_6595b64144ccf1df_6.0.19041.1110_none_60b5254171f9507e;C:\Program Files\Android\Android Studio\jre\bin\server;C:\Users\trust\.gradle\native\e1d6ef7f7dcc3fd88c89a11ec53ec762bb8ba0a96d01ffa2cd45eb1d1d8dd5c5\windows-amd64;C:\Users\trust\.gradle\native\0d407fdbe67a94daf76414ababcb853783967236a71b16ec16e742cd7a986fd3\windows-amd64

VM Arguments:
jvm_args: --add-opens=java.base/java.util=ALL-UNNAMED --add-opens=java.base/java.lang=ALL-UNNAMED --add-opens=java.base/java.lang.invoke=ALL-UNNAMED --add-opens=java.base/java.util=ALL-UNNAMED --add-opens=java.prefs/java.util.prefs=ALL-UNNAMED --add-opens=java.prefs/java.util.prefs=ALL-UNNAMED --add-opens=java.base/java.nio.charset=ALL-UNNAMED --add-opens=java.base/java.net=ALL-UNNAMED --add-opens=java.base/java.util.concurrent.atomic=ALL-UNNAMED -Xmx2048m -Dfile.encoding=UTF-8 -Duser.country=RU -Duser.language=ru -Duser.variant 
java_command: org.gradle.launcher.daemon.bootstrap.GradleDaemon 7.4
java_class_path (initial): C:\Users\trust\.gradle\wrapper\dists\gradle-7.4-bin\c0gwcg53nkjbqw7r0h0umtfvt\gradle-7.4\lib\gradle-launcher-7.4.jar
Launcher Type: SUN_STANDARD

[Global flags]
     intx CICompilerCount                          = 3                                         {product} {ergonomic}
     uint ConcGCThreads                            = 1                                         {product} {ergonomic}
     uint G1ConcRefinementThreads                  = 4                                         {product} {ergonomic}
   size_t G1HeapRegionSize                         = 1048576                                   {product} {ergonomic}
    uintx GCDrainStackTargetSize                   = 64                                        {product} {ergonomic}
   size_t InitialHeapSize                          = 58720256                                  {product} {ergonomic}
   size_t MarkStackSize                            = 4194304                                   {product} {ergonomic}
   size_t MaxHeapSize                              = 2147483648                                {product} {command line}
   size_t MaxNewSize                               = 1287651328                                {product} {ergonomic}
   size_t MinHeapDeltaBytes                        = 1048576                                   {product} {ergonomic}
    uintx NonNMethodCodeHeapSize                   = 5830732                                {pd product} {ergonomic}
    uintx NonProfiledCodeHeapSize                  = 122913754                              {pd product} {ergonomic}
    uintx ProfiledCodeHeapSize                     = 122913754                              {pd product} {ergonomic}
    uintx ReservedCodeCacheSize                    = 251658240                              {pd product} {ergonomic}
     bool SegmentedCodeCache                       = true                                      {product} {ergonomic}
     bool UseCompressedClassPointers               = true                                 {lp64_product} {ergonomic}
     bool UseCompressedOops                        = true                                 {lp64_product} {ergonomic}
     bool UseG1GC                                  = true                                      {product} {ergonomic}
     bool UseLargePagesIndividualAllocation        = false                                  {pd product} {ergonomic}

Logging:
Log output configuration:
 #0: stdout all=warning uptime,level,tags
 #1: stderr all=off uptime,level,tags

Environment Variables:
PATH=C:\Windows\system32;C:\Windows;C:\Windows\System32\Wbem;C:\Windows\System32\WindowsPowerShell\v1.0\;C:\Windows\System32\OpenSSH\;C:\Program Files\Git\cmd;C:\Users\trust\AppData\Local\Microsoft\WindowsApps;C:\Gradle\gradle-6.9.3\bin;
USERNAME=trust
OS=Windows_NT
PROCESSOR_IDENTIFIER=AMD64 Family 23 Model 24 Stepping 1, AuthenticAMD



---------------  S Y S T E M  ---------------

OS: Windows 10 , 64 bit Build 19041 (10.0.19041.1889)
OS uptime: 5 days 4:38 hours

CPU:total 4 (initial active 4) (4 cores per cpu, 2 threads per core) family 23 model 24 stepping 1 microcode 0x0, cmov, cx8, fxsr, mmx, sse, sse2, sse3, ssse3, sse4.1, sse4.2, popcnt, avx, avx2, aes, clmul, mmxext, 3dnowpref, lzcnt, sse4a, ht, tsc, tscinvbit, tscinv, bmi1, bmi2, adx, sha, fma

Memory: 4k page, system-wide physical 3500M (328M free)
TotalPageFile size 14252M (AvailPageFile size 79M)
current process WorkingSet (physical memory assigned to process): 580M, peak: 580M
current process commit charge ("private bytes"): 716M, peak: 1010M

vm_info: OpenJDK 64-Bit Server VM (11.0.13+0-b1751.21-8125866) for windows-amd64 JRE (11.0.13+0-b1751.21-8125866), built on Feb  2 2022 03:00:22 by "builder" with MS VC++ 14.0 (VS2015)

END.
