#
# There is insufficient memory for the Java Runtime Environment to continue.
# Native memory allocation (mmap) failed to map 17825792 bytes for Failed to commit area from 0x0000000085200000 to 0x0000000086300000 of length 17825792.
# Possible reasons:
#   The system is out of physical RAM or swap space
#   The process is running with CompressedOops enabled, and the Java Heap may be blocking the growth of the native heap
# Possible solutions:
#   Reduce memory load on the system
#   Increase physical memory or swap space
#   Check if swap backing store is full
#   Decrease Java heap size (-Xmx/-Xms)
#   Decrease number of Java threads
#   Decrease Java thread stack sizes (-Xss)
#   Set larger code cache with -XX:ReservedCodeCacheSize=
#   JVM is running with Unscaled Compressed Oops mode in which the Java heap is
#     placed in the first 4GB address space. The Java Heap base address is the
#     maximum limit for the native heap growth. Please use -XX:HeapBaseMinAddress
#     to set the Java Heap base and to place the Java Heap above 4GB virtual address.
# This output file may be truncated or incomplete.
#
#  Out of Memory Error (./src/hotspot/os/windows/os_windows.cpp:3619), pid=1696, tid=11856
#
# JRE version: OpenJDK Runtime Environment (11.0.13) (build 11.0.13+0-b1751.21-8125866)
# Java VM: OpenJDK 64-Bit Server VM (11.0.13+0-b1751.21-8125866, mixed mode, tiered, compressed oops, g1 gc, windows-amd64)
# No core dump will be written. Minidumps are not enabled by default on client versions of Windows
#

---------------  S U M M A R Y ------------

Command Line: --add-opens=java.base/java.util=ALL-UNNAMED --add-opens=java.base/java.lang=ALL-UNNAMED --add-opens=java.base/java.lang.invoke=ALL-UNNAMED --add-opens=java.base/java.util=ALL-UNNAMED --add-opens=java.prefs/java.util.prefs=ALL-UNNAMED --add-opens=java.prefs/java.util.prefs=ALL-UNNAMED --add-opens=java.base/java.nio.charset=ALL-UNNAMED --add-opens=java.base/java.net=ALL-UNNAMED --add-opens=java.base/java.util.concurrent.atomic=ALL-UNNAMED -Xmx2048m -Dfile.encoding=UTF-8 -Duser.country=RU -Duser.language=ru -Duser.variant org.gradle.launcher.daemon.bootstrap.GradleDaemon 7.4

Host: AMD Athlon 300U with Radeon Vega Mobile Gfx    , 4 cores, 3G,  Windows 10 , 64 bit Build 19041 (10.0.19041.1889)
Time: Sun Oct 30 15:33:24 2022 RTZ 2 (зима) elapsed time: 11.966398 seconds (0d 0h 0m 11s)

---------------  T H R E A D  ---------------

Current thread (0x0000017324df0000):  VMThread "VM Thread" [stack: 0x00000036ba200000,0x00000036ba300000] [id=11856]

Stack: [0x00000036ba200000,0x00000036ba300000]
[error occurred during error reporting (printing stack bounds), id 0xc0000005, EXCEPTION_ACCESS_VIOLATION (0xc0000005) at pc=0x000001730ddd112d]

Native frames: (J=compiled Java code, j=interpreted, Vv=VM code, C=native code)
V  [jvm.dll+0x6100fa]
V  [jvm.dll+0x747090]
V  [jvm.dll+0x7486ad]
V  [jvm.dll+0x748ce5]
V  [jvm.dll+0x748c9b]
V  [jvm.dll+0x60f224]
V  [jvm.dll+0x60f9b8]
C  [ntdll.dll+0xa241f]
C  [ntdll.dll+0x514a4]
C  [ntdll.dll+0xa0f4e]
C  0x000001730ddd112d

VM_Operation (0x00000036bb6f3640): G1CollectForAllocation, mode: safepoint, requested by thread 0x0000017326757000


---------------  P R O C E S S  ---------------

Threads class SMR info:
_java_thread_list=0x0000017328f2f150, length=35, elements={
0x000001730a2ab800, 0x0000017324df2000, 0x0000017324dfc000, 0x0000017324e15800,
0x0000017324e16800, 0x0000017324e17800, 0x0000017324e1b000, 0x0000017324e60800,
0x0000017324e89000, 0x00000173250d0000, 0x00000173269ca800, 0x0000017326fc7800,
0x00000173257e6800, 0x0000017325d9e800, 0x00000173253cb800, 0x0000017326796000,
0x0000017326757000, 0x0000017326b57800, 0x00000173254dc000, 0x00000173260d4000,
0x0000017326aaf000, 0x0000017326ab2000, 0x0000017326ab1800, 0x0000017326ab4000,
0x0000017326ab0800, 0x0000017326aae000, 0x0000017326ab4800, 0x0000017326ab0000,
0x0000017326ab3000, 0x0000017327e76000, 0x0000017327e77000, 0x0000017327e7b000,
0x0000017327e77800, 0x0000017327e75000, 0x0000017327e78800
}

Java Threads: ( => current thread )
  0x000001730a2ab800 JavaThread "main" [_thread_blocked, id=1700, stack(0x00000036b9c00000,0x00000036b9d00000)]
  0x0000017324df2000 JavaThread "Reference Handler" daemon [_thread_blocked, id=9740, stack(0x00000036ba300000,0x00000036ba400000)]
  0x0000017324dfc000 JavaThread "Finalizer" daemon [_thread_blocked, id=2272, stack(0x00000036ba400000,0x00000036ba500000)]
  0x0000017324e15800 JavaThread "Signal Dispatcher" daemon [_thread_blocked, id=2104, stack(0x00000036ba500000,0x00000036ba600000)]
  0x0000017324e16800 JavaThread "Attach Listener" daemon [_thread_blocked, id=5924, stack(0x00000036ba600000,0x00000036ba700000)]
  0x0000017324e17800 JavaThread "Service Thread" daemon [_thread_blocked, id=3344, stack(0x00000036ba700000,0x00000036ba800000)]
  0x0000017324e1b000 JavaThread "C2 CompilerThread0" daemon [_thread_blocked, id=7084, stack(0x00000036ba800000,0x00000036ba900000)]
  0x0000017324e60800 JavaThread "C1 CompilerThread0" daemon [_thread_blocked, id=1440, stack(0x00000036ba900000,0x00000036baa00000)]
  0x0000017324e89000 JavaThread "Sweeper thread" daemon [_thread_blocked, id=1740, stack(0x00000036baa00000,0x00000036bab00000)]
  0x00000173250d0000 JavaThread "Common-Cleaner" daemon [_thread_blocked, id=9932, stack(0x00000036bab00000,0x00000036bac00000)]
  0x00000173269ca800 JavaThread "Daemon health stats" [_thread_blocked, id=12164, stack(0x00000036bae00000,0x00000036baf00000)]
  0x0000017326fc7800 JavaThread "Incoming local TCP Connector on port 52609" [_thread_in_native, id=5404, stack(0x00000036bb100000,0x00000036bb200000)]
  0x00000173257e6800 JavaThread "Daemon periodic checks" [_thread_blocked, id=10548, stack(0x00000036bb200000,0x00000036bb300000)]
  0x0000017325d9e800 JavaThread "Daemon" [_thread_blocked, id=11868, stack(0x00000036bb300000,0x00000036bb400000)]
  0x00000173253cb800 JavaThread "Handler for socket connection from /127.0.0.1:52609 to /127.0.0.1:52610" [_thread_in_native, id=10412, stack(0x00000036bb400000,0x00000036bb500000)]
  0x0000017326796000 JavaThread "Cancel handler" [_thread_blocked, id=12176, stack(0x00000036bb500000,0x00000036bb600000)]
  0x0000017326757000 JavaThread "Daemon worker" [_thread_blocked, id=9884, stack(0x00000036bb600000,0x00000036bb700000)]
  0x0000017326b57800 JavaThread "Asynchronous log dispatcher for DefaultDaemonConnection: socket connection from /127.0.0.1:52609 to /127.0.0.1:52610" [_thread_blocked, id=4188, stack(0x00000036bb700000,0x00000036bb800000)]
  0x00000173254dc000 JavaThread "Stdin handler" [_thread_blocked, id=3500, stack(0x00000036bb800000,0x00000036bb900000)]
  0x00000173260d4000 JavaThread "Daemon client event forwarder" [_thread_blocked, id=12196, stack(0x00000036bb900000,0x00000036bba00000)]
  0x0000017326aaf000 JavaThread "Cache worker for journal cache (C:\Users\trust\.gradle\caches\journal-1)" [_thread_blocked, id=6816, stack(0x00000036bba00000,0x00000036bbb00000)]
  0x0000017326ab2000 JavaThread "File lock request listener" [_thread_in_native, id=11656, stack(0x00000036bbb00000,0x00000036bbc00000)]
  0x0000017326ab1800 JavaThread "Cache worker for file hash cache (C:\Users\trust\.gradle\caches\7.4\fileHashes)" [_thread_blocked, id=12128, stack(0x00000036bbc00000,0x00000036bbd00000)]
  0x0000017326ab4000 JavaThread "File watcher server" daemon [_thread_in_native, id=4484, stack(0x00000036bbd00000,0x00000036bbe00000)]
  0x0000017326ab0800 JavaThread "File watcher consumer" daemon [_thread_blocked, id=11556, stack(0x00000036bbe00000,0x00000036bbf00000)]
  0x0000017326aae000 JavaThread "jar transforms" [_thread_blocked, id=908, stack(0x00000036bbf00000,0x00000036bc000000)]
  0x0000017326ab4800 JavaThread "jar transforms Thread 2" [_thread_blocked, id=3964, stack(0x00000036bc000000,0x00000036bc100000)]
  0x0000017326ab0000 JavaThread "jar transforms Thread 3" [_thread_blocked, id=8484, stack(0x00000036bc100000,0x00000036bc200000)]
  0x0000017326ab3000 JavaThread "jar transforms Thread 4" [_thread_blocked, id=11700, stack(0x00000036bc200000,0x00000036bc300000)]
  0x0000017327e76000 JavaThread "Cache worker for checksums cache (C:\Users\trust\AndroidStudioProjects\MyApplicationExcel\.gradle\7.4\checksums)" [_thread_blocked, id=10200, stack(0x00000036bc300000,0x00000036bc400000)]
  0x0000017327e77000 JavaThread "Cache worker for cache directory md-rule (C:\Users\trust\.gradle\caches\7.4\md-rule)" [_thread_blocked, id=7776, stack(0x00000036bc400000,0x00000036bc500000)]
  0x0000017327e7b000 JavaThread "Cache worker for file hash cache (C:\Users\trust\AndroidStudioProjects\MyApplicationExcel\.gradle\7.4\fileHashes)" [_thread_blocked, id=2088, stack(0x00000036bc500000,0x00000036bc600000)]
  0x0000017327e77800 JavaThread "Cache worker for cache directory md-supplier (C:\Users\trust\.gradle\caches\7.4\md-supplier)" [_thread_blocked, id=6892, stack(0x00000036bc600000,0x00000036bc700000)]
  0x0000017327e75000 JavaThread "Cache worker for execution history cache (C:\Users\trust\.gradle\caches\7.4\executionHistory)" [_thread_blocked, id=11504, stack(0x00000036bc700000,0x00000036bc800000)]
  0x0000017327e78800 JavaThread "Cache worker for file content cache (C:\Users\trust\.gradle\caches\7.4\fileContent)" [_thread_blocked, id=4708, stack(0x00000036bc800000,0x00000036bc900000)]

Other Threads:
=>0x0000017324df0000 VMThread "VM Thread" [stack: 0x00000036ba200000,0x00000036ba300000] [id=11856]
  0x00000173250fd800 WatcherThread [stack: 0x00000036bac00000,0x00000036bad00000] [id=7424]
  0x000001730a2c5000 GCTaskThread "GC Thread#0" [stack: 0x00000036b9d00000,0x00000036b9e00000] [id=9560]
  0x000001732588a000 GCTaskThread "GC Thread#1" [stack: 0x00000036bad00000,0x00000036bae00000] [id=8612]
  0x000001732764c000 GCTaskThread "GC Thread#2" [stack: 0x00000036baf00000,0x00000036bb000000] [id=5412]
  0x000001732659c800 GCTaskThread "GC Thread#3" [stack: 0x00000036bb000000,0x00000036bb100000] [id=2652]
  0x000001730a2f5000 ConcurrentGCThread "G1 Main Marker" [stack: 0x00000036b9e00000,0x00000036b9f00000] [id=2000]
  0x000001730a2f8000 ConcurrentGCThread "G1 Conc#0" [stack: 0x00000036b9f00000,0x00000036ba000000] [id=11004]
  0x000001730a33d000 ConcurrentGCThread "G1 Refine#0" [stack: 0x00000036ba000000,0x00000036ba100000] [id=3580]
  0x000001730a33e000 ConcurrentGCThread "G1 Young RemSet Sampling" [stack: 0x00000036ba100000,0x00000036ba200000] [id=9880]

Threads with active compile tasks:
C2 CompilerThread0  12001 3738   !   4       jdk.internal.loader.URLClassPath$JarLoader::getResource (353 bytes)

VM state:at safepoint (normal execution)

VM Mutex/Monitor currently owned by a thread:  ([mutex/lock_event])
[0x000001730a2a7bc0] Threads_lock - owner thread: 0x0000017324df0000
[0x000001730a2a8940] Heap_lock - owner thread: 0x0000017326757000

Heap address: 0x0000000080000000, size: 2048 MB, Compressed Oops mode: 32-bit
Narrow klass base: 0x0000000000000000, Narrow klass shift: 3
Compressed class space size: 1073741824 Address: 0x0000000100000000

Heap:
 garbage-first heap   total 101376K, used 48346K [0x0000000080000000, 0x0000000100000000)
  region size 1024K, 3 young (3072K), 3 survivors (3072K)
 Metaspace       used 43949K, capacity 45047K, committed 45184K, reserved 1089536K
  class space    used 5607K, capacity 5998K, committed 6016K, reserved 1048576K
Heap Regions: E=young(eden), S=young(survivor), O=old, HS=humongous(starts), HC=humongous(continues), CS=collection set, F=free, A=archive, TAMS=top-at-mark-start (previous, next)
|   0|0x0000000080000000, 0x0000000080100000, 0x0000000080100000|100%|HS|  |TAMS 0x0000000080100000, 0x0000000080100000| Complete 
|   1|0x0000000080100000, 0x0000000080200000, 0x0000000080200000|100%|HC|  |TAMS 0x0000000080200000, 0x0000000080200000| Complete 
|   2|0x0000000080200000, 0x0000000080300000, 0x0000000080300000|100%|HC|  |TAMS 0x0000000080300000, 0x0000000080300000| Complete 
|   3|0x0000000080300000, 0x0000000080400000, 0x0000000080400000|100%| O|  |TAMS 0x0000000080400000, 0x0000000080400000| Untracked 
|   4|0x0000000080400000, 0x0000000080500000, 0x0000000080500000|100%| O|  |TAMS 0x0000000080500000, 0x0000000080500000| Untracked 
|   5|0x0000000080500000, 0x0000000080600000, 0x0000000080600000|100%| O|  |TAMS 0x0000000080600000, 0x0000000080600000| Untracked 
|   6|0x0000000080600000, 0x0000000080700000, 0x0000000080700000|100%| O|  |TAMS 0x0000000080700000, 0x0000000080700000| Untracked 
|   7|0x0000000080700000, 0x0000000080800000, 0x0000000080800000|100%| O|  |TAMS 0x0000000080800000, 0x0000000080800000| Untracked 
|   8|0x0000000080800000, 0x0000000080900000, 0x0000000080900000|100%| O|  |TAMS 0x0000000080900000, 0x0000000080900000| Untracked 
|   9|0x0000000080900000, 0x0000000080a00000, 0x0000000080a00000|100%| O|  |TAMS 0x0000000080a00000, 0x0000000080a00000| Untracked 
|  10|0x0000000080a00000, 0x0000000080b00000, 0x0000000080b00000|100%| O|  |TAMS 0x0000000080b00000, 0x0000000080b00000| Untracked 
|  11|0x0000000080b00000, 0x0000000080c00000, 0x0000000080c00000|100%| O|  |TAMS 0x0000000080c00000, 0x0000000080c00000| Untracked 
|  12|0x0000000080c00000, 0x0000000080d00000, 0x0000000080d00000|100%| O|  |TAMS 0x0000000080d00000, 0x0000000080d00000| Untracked 
|  13|0x0000000080d00000, 0x0000000080e00000, 0x0000000080e00000|100%| O|  |TAMS 0x0000000080e00000, 0x0000000080e00000| Untracked 
|  14|0x0000000080e00000, 0x0000000080f00000, 0x0000000080f00000|100%| O|  |TAMS 0x0000000080f00000, 0x0000000080f00000| Untracked 
|  15|0x0000000080f00000, 0x0000000081000000, 0x0000000081000000|100%| O|  |TAMS 0x0000000081000000, 0x0000000081000000| Untracked 
|  16|0x0000000081000000, 0x0000000081100000, 0x0000000081100000|100%| O|  |TAMS 0x0000000081100000, 0x0000000081100000| Untracked 
|  17|0x0000000081100000, 0x0000000081200000, 0x0000000081200000|100%|HS|  |TAMS 0x0000000081200000, 0x0000000081200000| Complete 
|  18|0x0000000081200000, 0x0000000081300000, 0x0000000081300000|100%|HC|  |TAMS 0x0000000081300000, 0x0000000081300000| Complete 
|  19|0x0000000081300000, 0x0000000081400000, 0x0000000081400000|100%|HS|  |TAMS 0x0000000081400000, 0x0000000081400000| Complete 
|  20|0x0000000081400000, 0x0000000081500000, 0x0000000081500000|100%|HC|  |TAMS 0x0000000081500000, 0x0000000081500000| Complete 
|  21|0x0000000081500000, 0x0000000081600000, 0x0000000081600000|100%|HC|  |TAMS 0x0000000081600000, 0x0000000081600000| Complete 
|  22|0x0000000081600000, 0x0000000081700000, 0x0000000081700000|100%|HS|  |TAMS 0x0000000081700000, 0x0000000081700000| Complete 
|  23|0x0000000081700000, 0x0000000081800000, 0x0000000081800000|100%|HC|  |TAMS 0x0000000081800000, 0x0000000081800000| Complete 
|  24|0x0000000081800000, 0x0000000081900000, 0x0000000081900000|100%|HC|  |TAMS 0x0000000081900000, 0x0000000081900000| Complete 
|  25|0x0000000081900000, 0x0000000081a00000, 0x0000000081a00000|100%| O|  |TAMS 0x0000000081a00000, 0x0000000081a00000| Untracked 
|  26|0x0000000081a00000, 0x0000000081b00000, 0x0000000081b00000|100%|HS|  |TAMS 0x0000000081b00000, 0x0000000081b00000| Complete 
|  27|0x0000000081b00000, 0x0000000081c00000, 0x0000000081c00000|100%|HC|  |TAMS 0x0000000081c00000, 0x0000000081c00000| Complete 
|  28|0x0000000081c00000, 0x0000000081d00000, 0x0000000081d00000|100%|HC|  |TAMS 0x0000000081d00000, 0x0000000081d00000| Complete 
|  29|0x0000000081d00000, 0x0000000081e00000, 0x0000000081e00000|100%|HC|  |TAMS 0x0000000081e00000, 0x0000000081e00000| Complete 
|  30|0x0000000081e00000, 0x0000000081f00000, 0x0000000081f00000|100%|HC|  |TAMS 0x0000000081f00000, 0x0000000081f00000| Complete 
|  31|0x0000000081f00000, 0x0000000082000000, 0x0000000082000000|100%| O|  |TAMS 0x0000000082000000, 0x0000000082000000| Untracked 
|  32|0x0000000082000000, 0x0000000082100000, 0x0000000082100000|100%| O|  |TAMS 0x0000000082100000, 0x0000000082100000| Untracked 
|  33|0x0000000082100000, 0x0000000082200000, 0x0000000082200000|100%| O|  |TAMS 0x0000000082200000, 0x0000000082200000| Untracked 
|  34|0x0000000082200000, 0x0000000082300000, 0x0000000082300000|100%| O|  |TAMS 0x0000000082300000, 0x0000000082300000| Untracked 
|  35|0x0000000082300000, 0x0000000082400000, 0x0000000082400000|100%|HS|  |TAMS 0x0000000082400000, 0x0000000082400000| Complete 
|  36|0x0000000082400000, 0x0000000082500000, 0x0000000082500000|100%| O|  |TAMS 0x0000000082500000, 0x0000000082500000| Untracked 
|  37|0x0000000082500000, 0x0000000082600000, 0x0000000082600000|100%| O|  |TAMS 0x0000000082600000, 0x0000000082600000| Untracked 
|  38|0x0000000082600000, 0x0000000082700000, 0x0000000082700000|100%| O|  |TAMS 0x0000000082700000, 0x0000000082700000| Untracked 
|  39|0x0000000082700000, 0x0000000082800000, 0x0000000082800000|100%| O|  |TAMS 0x0000000082800000, 0x0000000082800000| Untracked 
|  40|0x0000000082800000, 0x0000000082900000, 0x0000000082900000|100%| O|  |TAMS 0x0000000082900000, 0x0000000082900000| Untracked 
|  41|0x0000000082900000, 0x0000000082a00000, 0x0000000082a00000|100%| O|  |TAMS 0x0000000082a00000, 0x0000000082a00000| Untracked 
|  42|0x0000000082a00000, 0x0000000082b00000, 0x0000000082b00000|100%| O|  |TAMS 0x0000000082b00000, 0x0000000082b00000| Untracked 
|  43|0x0000000082b00000, 0x0000000082b00000, 0x0000000082c00000|  0%| F|  |TAMS 0x0000000082b00000, 0x0000000082b00000| Untracked 
|  44|0x0000000082c00000, 0x0000000082c00000, 0x0000000082d00000|  0%| F|  |TAMS 0x0000000082c00000, 0x0000000082c00000| Untracked 
|  45|0x0000000082d00000, 0x0000000082d00000, 0x0000000082e00000|  0%| F|  |TAMS 0x0000000082d00000, 0x0000000082d00000| Untracked 
|  46|0x0000000082e00000, 0x0000000082f00000, 0x0000000082f00000|100%| O|  |TAMS 0x0000000082f00000, 0x0000000082f00000| Untracked 
|  47|0x0000000082f00000, 0x0000000082fe6200, 0x0000000083000000| 89%| O|  |TAMS 0x0000000082fe6200, 0x0000000082fe6200| Untracked 
|  48|0x0000000083000000, 0x0000000083000000, 0x0000000083100000|  0%| F|  |TAMS 0x0000000083000000, 0x0000000083000000| Untracked 
|  49|0x0000000083100000, 0x0000000083100000, 0x0000000083200000|  0%| F|  |TAMS 0x0000000083100000, 0x0000000083100000| Untracked 
|  50|0x0000000083200000, 0x0000000083200000, 0x0000000083300000|  0%| F|  |TAMS 0x0000000083200000, 0x0000000083200000| Untracked 
|  51|0x0000000083300000, 0x0000000083300000, 0x0000000083400000|  0%| F|  |TAMS 0x0000000083300000, 0x0000000083300000| Untracked 
|  52|0x0000000083400000, 0x0000000083400000, 0x0000000083500000|  0%| F|  |TAMS 0x0000000083400000, 0x0000000083400000| Untracked 
|  53|0x0000000083500000, 0x0000000083500000, 0x0000000083600000|  0%| F|  |TAMS 0x0000000083500000, 0x0000000083500000| Untracked 
|  54|0x0000000083600000, 0x0000000083600000, 0x0000000083700000|  0%| F|  |TAMS 0x0000000083600000, 0x0000000083600000| Untracked 
|  55|0x0000000083700000, 0x0000000083700000, 0x0000000083800000|  0%| F|  |TAMS 0x0000000083700000, 0x0000000083700000| Untracked 
|  56|0x0000000083800000, 0x0000000083800000, 0x0000000083900000|  0%| F|  |TAMS 0x0000000083800000, 0x0000000083800000| Untracked 
|  57|0x0000000083900000, 0x0000000083900000, 0x0000000083a00000|  0%| F|  |TAMS 0x0000000083900000, 0x0000000083900000| Untracked 
|  58|0x0000000083a00000, 0x0000000083a00000, 0x0000000083b00000|  0%| F|  |TAMS 0x0000000083a00000, 0x0000000083a00000| Untracked 
|  59|0x0000000083b00000, 0x0000000083b00000, 0x0000000083c00000|  0%| F|  |TAMS 0x0000000083b00000, 0x0000000083b00000| Untracked 
|  60|0x0000000083c00000, 0x0000000083c00000, 0x0000000083d00000|  0%| F|  |TAMS 0x0000000083c00000, 0x0000000083c00000| Untracked 
|  61|0x0000000083d00000, 0x0000000083d00000, 0x0000000083e00000|  0%| F|  |TAMS 0x0000000083d00000, 0x0000000083d00000| Untracked 
|  62|0x0000000083e00000, 0x0000000083e00000, 0x0000000083f00000|  0%| F|  |TAMS 0x0000000083e00000, 0x0000000083e00000| Untracked 
|  63|0x0000000083f00000, 0x0000000083f00000, 0x0000000084000000|  0%| F|  |TAMS 0x0000000083f00000, 0x0000000083f00000| Untracked 
|  64|0x0000000084000000, 0x0000000084000000, 0x0000000084100000|  0%| F|  |TAMS 0x0000000084000000, 0x0000000084000000| Untracked 
|  65|0x0000000084100000, 0x0000000084100000, 0x0000000084200000|  0%| F|  |TAMS 0x0000000084100000, 0x0000000084100000| Untracked 
|  66|0x0000000084200000, 0x0000000084200000, 0x0000000084300000|  0%| F|  |TAMS 0x0000000084200000, 0x0000000084200000| Untracked 
|  67|0x0000000084300000, 0x0000000084350650, 0x0000000084400000| 31%| S|CS|TAMS 0x0000000084300000, 0x0000000084300000| Complete 
|  68|0x0000000084400000, 0x0000000084500000, 0x0000000084500000|100%| S|CS|TAMS 0x0000000084400000, 0x0000000084400000| Complete 
|  69|0x0000000084500000, 0x0000000084600000, 0x0000000084600000|100%| S|CS|TAMS 0x0000000084500000, 0x0000000084500000| Complete 
|  70|0x0000000084600000, 0x0000000084600000, 0x0000000084700000|  0%| F|  |TAMS 0x0000000084600000, 0x0000000084600000| Untracked 
|  71|0x0000000084700000, 0x0000000084700000, 0x0000000084800000|  0%| F|  |TAMS 0x0000000084700000, 0x0000000084700000| Untracked 
|  72|0x0000000084800000, 0x0000000084800000, 0x0000000084900000|  0%| F|  |TAMS 0x0000000084800000, 0x0000000084800000| Untracked 
|  73|0x0000000084900000, 0x0000000084900000, 0x0000000084a00000|  0%| F|  |TAMS 0x0000000084900000, 0x0000000084900000| Untracked 
|  74|0x0000000084a00000, 0x0000000084a00000, 0x0000000084b00000|  0%| F|  |TAMS 0x0000000084a00000, 0x0000000084a00000| Untracked 
|  75|0x0000000084b00000, 0x0000000084b00000, 0x0000000084c00000|  0%| F|  |TAMS 0x0000000084b00000, 0x0000000084b00000| Untracked 
|  76|0x0000000084c00000, 0x0000000084c00000, 0x0000000084d00000|  0%| F|  |TAMS 0x0000000084c00000, 0x0000000084c00000| Untracked 
|  77|0x0000000084d00000, 0x0000000084d00000, 0x0000000084e00000|  0%| F|  |TAMS 0x0000000084d00000, 0x0000000084d00000| Untracked 
|  78|0x0000000084e00000, 0x0000000084e00000, 0x0000000084f00000|  0%| F|  |TAMS 0x0000000084e00000, 0x0000000084e00000| Untracked 
|  79|0x0000000084f00000, 0x0000000084f00000, 0x0000000085000000|  0%| F|  |TAMS 0x0000000084f00000, 0x0000000084f00000| Untracked 
|  80|0x0000000085000000, 0x0000000085000000, 0x0000000085100000|  0%| F|  |TAMS 0x0000000085000000, 0x0000000085000000| Untracked 
|  81|0x0000000085100000, 0x0000000085100000, 0x0000000085200000|  0%| F|  |TAMS 0x0000000085100000, 0x0000000085100000| Untracked 

Card table byte_map: [0x000001731d7f0000,0x000001731dbf0000] _byte_map_base: 0x000001731d3f0000

Marking Bits (Prev, Next): (CMBitMap*) 0x000001730a2ebfb0, (CMBitMap*) 0x000001730a2ebf78
 Prev Bits: [0x000001731fff0000, 0x0000017321ff0000)
 Next Bits: [0x000001731dff0000, 0x000001731fff0000)

Polling page: 0x00000173088c0000

Metaspace:

Usage:
  Non-class:     38.13 MB capacity,    37.44 MB ( 98%) used,   595.40 KB (  2%) free+waste,   111.63 KB ( <1%) overhead. 
      Class:      5.86 MB capacity,     5.48 MB ( 93%) used,   336.17 KB (  6%) free+waste,    53.88 KB ( <1%) overhead. 
       Both:     43.99 MB capacity,    42.92 MB ( 98%) used,   931.57 KB (  2%) free+waste,   165.50 KB ( <1%) overhead. 

Virtual space:
  Non-class space:       40.00 MB reserved,      38.25 MB ( 96%) committed 
      Class space:        1.00 GB reserved,       5.88 MB ( <1%) committed 
             Both:        1.04 GB reserved,      44.13 MB (  4%) committed 

Chunk freelists:
   Non-Class:  55.00 KB
       Class:  0 bytes
        Both:  55.00 KB

MaxMetaspaceSize: 17179869184.00 GB
CompressedClassSpaceSize: 1.00 GB
Initial GC threshold: 20.80 MB
Current GC threshold: 72.71 MB
CDS: off

CodeHeap 'non-profiled nmethods': size=120064Kb used=1925Kb max_used=1925Kb free=118138Kb
 bounds [0x0000017315890000, 0x0000017315b00000, 0x000001731cdd0000]
CodeHeap 'profiled nmethods': size=120000Kb used=8199Kb max_used=8199Kb free=111800Kb
 bounds [0x000001730e360000, 0x000001730eb70000, 0x0000017315890000]
CodeHeap 'non-nmethods': size=5696Kb used=2283Kb max_used=2324Kb free=3413Kb
 bounds [0x000001730ddd0000, 0x000001730e040000, 0x000001730e360000]
 total_blobs=4626 nmethods=3848 adapters=690
 compilation: enabled
              stopped_count=0, restarted_count=0
 full_count=0

Compilation events (20 events):
Event: 11.939 Thread 0x0000017324e60800 3877       2       org.gradle.internal.instantiation.generator.AbstractClassGenerator$MethodMetadata::isAbstract (11 bytes)
Event: 11.939 Thread 0x0000017324e60800 nmethod 3877 0x000001730eb5fa10 code [0x000001730eb5fbc0, 0x000001730eb5fcd8]
Event: 11.939 Thread 0x0000017324e60800 3878       1       org.gradle.internal.instantiation.generator.AbstractClassGenerator$GeneratedClassImpl::getConstructors (5 bytes)
Event: 11.939 Thread 0x0000017324e60800 nmethod 3878 0x0000017315a71190 code [0x0000017315a71340, 0x0000017315a713f8]
Event: 11.940 Thread 0x0000017324e60800 3879       2       org.codehaus.groovy.runtime.metaclass.ReflectionMetaMethod::getName (8 bytes)
Event: 11.941 Thread 0x0000017324e60800 nmethod 3879 0x000001730eb5fd90 code [0x000001730eb5ff40, 0x000001730eb60058]
Event: 11.941 Thread 0x0000017324e60800 3880       2       org.codehaus.groovy.runtime.metaclass.MetaMethodIndex::getHeader (38 bytes)
Event: 11.941 Thread 0x0000017324e60800 nmethod 3880 0x000001730eb60190 code [0x000001730eb60360, 0x000001730eb60638]
Event: 11.941 Thread 0x0000017324e60800 3881       1       groovy.lang.MetaClassImpl$MethodIndexAction::skipClass (2 bytes)
Event: 11.941 Thread 0x0000017324e60800 nmethod 3881 0x0000017315a71490 code [0x0000017315a71640, 0x0000017315a716f8]
Event: 11.942 Thread 0x0000017324e60800 3882       2       java.util.HashMap::values (25 bytes)
Event: 11.943 Thread 0x0000017324e60800 nmethod 3882 0x000001730eb60810 code [0x000001730eb609c0, 0x000001730eb60bd8]
Event: 11.943 Thread 0x0000017324e60800 3883       2       com.sun.beans.util.Cache$Kind$Soft::getReferent (5 bytes)
Event: 11.943 Thread 0x0000017324e60800 nmethod 3883 0x000001730eb60c90 code [0x000001730eb60e40, 0x000001730eb60f78]
Event: 11.943 Thread 0x0000017324e60800 3885       2       org.codehaus.groovy.util.ComplexKeyHashMap$1::<init> (64 bytes)
Event: 11.943 Thread 0x0000017324e60800 nmethod 3885 0x000001730eb61010 code [0x000001730eb611c0, 0x000001730eb61418]
Event: 11.943 Thread 0x0000017324e60800 3884       2       org.codehaus.groovy.util.ComplexKeyHashMap::getEntrySetIterator (9 bytes)
Event: 11.943 Thread 0x0000017324e60800 nmethod 3884 0x000001730eb61510 code [0x000001730eb616c0, 0x000001730eb61848]
Event: 11.943 Thread 0x0000017324e60800 3886       2       org.codehaus.groovy.reflection.CachedField::getModifiers (8 bytes)
Event: 11.944 Thread 0x0000017324e60800 nmethod 3886 0x000001730eb61910 code [0x000001730eb61ac0, 0x000001730eb61bb8]

GC Heap History (20 events):
Event: 8.298 GC heap after
{Heap after GC invocations=21 (full 0):
 garbage-first heap   total 57344K, used 39375K [0x0000000080000000, 0x0000000100000000)
  region size 1024K, 1 young (1024K), 1 survivors (1024K)
 Metaspace       used 30373K, capacity 31263K, committed 31616K, reserved 1077248K
  class space    used 4020K, capacity 4355K, committed 4480K, reserved 1048576K
}
Event: 8.445 GC heap before
{Heap before GC invocations=22 (full 0):
 garbage-first heap   total 57344K, used 46543K [0x0000000080000000, 0x0000000100000000)
  region size 1024K, 8 young (8192K), 1 survivors (1024K)
 Metaspace       used 30978K, capacity 31921K, committed 32128K, reserved 1077248K
  class space    used 4124K, capacity 4468K, committed 4480K, reserved 1048576K
}
Event: 8.447 GC heap after
{Heap after GC invocations=23 (full 0):
 garbage-first heap   total 57344K, used 39568K [0x0000000080000000, 0x0000000100000000)
  region size 1024K, 1 young (1024K), 1 survivors (1024K)
 Metaspace       used 30978K, capacity 31921K, committed 32128K, reserved 1077248K
  class space    used 4124K, capacity 4468K, committed 4480K, reserved 1048576K
}
Event: 8.789 GC heap before
{Heap before GC invocations=23 (full 0):
 garbage-first heap   total 57344K, used 45712K [0x0000000080000000, 0x0000000100000000)
  region size 1024K, 8 young (8192K), 1 survivors (1024K)
 Metaspace       used 31763K, capacity 32729K, committed 32768K, reserved 1077248K
  class space    used 4246K, capacity 4608K, committed 4608K, reserved 1048576K
}
Event: 8.793 GC heap after
{Heap after GC invocations=24 (full 0):
 garbage-first heap   total 69632K, used 39827K [0x0000000080000000, 0x0000000100000000)
  region size 1024K, 1 young (1024K), 1 survivors (1024K)
 Metaspace       used 31763K, capacity 32729K, committed 32768K, reserved 1077248K
  class space    used 4246K, capacity 4608K, committed 4608K, reserved 1048576K
}
Event: 9.424 GC heap before
{Heap before GC invocations=25 (full 0):
 garbage-first heap   total 69632K, used 52115K [0x0000000080000000, 0x0000000100000000)
  region size 1024K, 13 young (13312K), 1 survivors (1024K)
 Metaspace       used 33633K, capacity 34535K, committed 34688K, reserved 1079296K
  class space    used 4526K, capacity 4870K, committed 4992K, reserved 1048576K
}
Event: 9.427 GC heap after
{Heap after GC invocations=26 (full 0):
 garbage-first heap   total 69632K, used 40458K [0x0000000080000000, 0x0000000100000000)
  region size 1024K, 2 young (2048K), 2 survivors (2048K)
 Metaspace       used 33633K, capacity 34535K, committed 34688K, reserved 1079296K
  class space    used 4526K, capacity 4870K, committed 4992K, reserved 1048576K
}
Event: 10.078 GC heap before
{Heap before GC invocations=26 (full 0):
 garbage-first heap   total 69632K, used 51722K [0x0000000080000000, 0x0000000100000000)
  region size 1024K, 14 young (14336K), 2 survivors (2048K)
 Metaspace       used 37672K, capacity 38712K, committed 38912K, reserved 1083392K
  class space    used 4899K, capacity 5284K, committed 5376K, reserved 1048576K
}
Event: 10.086 GC heap after
{Heap after GC invocations=27 (full 0):
 garbage-first heap   total 69632K, used 42337K [0x0000000080000000, 0x0000000100000000)
  region size 1024K, 2 young (2048K), 2 survivors (2048K)
 Metaspace       used 37672K, capacity 38712K, committed 38912K, reserved 1083392K
  class space    used 4899K, capacity 5284K, committed 5376K, reserved 1048576K
}
Event: 10.471 GC heap before
{Heap before GC invocations=28 (full 0):
 garbage-first heap   total 69632K, used 52577K [0x0000000080000000, 0x0000000100000000)
  region size 1024K, 13 young (13312K), 2 survivors (2048K)
 Metaspace       used 39183K, capacity 40250K, committed 40576K, reserved 1085440K
  class space    used 5039K, capacity 5433K, committed 5504K, reserved 1048576K
}
Event: 10.476 GC heap after
{Heap after GC invocations=29 (full 0):
 garbage-first heap   total 69632K, used 43876K [0x0000000080000000, 0x0000000100000000)
  region size 1024K, 2 young (2048K), 2 survivors (2048K)
 Metaspace       used 39183K, capacity 40250K, committed 40576K, reserved 1085440K
  class space    used 5039K, capacity 5433K, committed 5504K, reserved 1048576K
}
Event: 10.524 GC heap before
{Heap before GC invocations=29 (full 0):
 garbage-first heap   total 69632K, used 54116K [0x0000000080000000, 0x0000000100000000)
  region size 1024K, 12 young (12288K), 2 survivors (2048K)
 Metaspace       used 39192K, capacity 40250K, committed 40576K, reserved 1085440K
  class space    used 5039K, capacity 5433K, committed 5504K, reserved 1048576K
}
Event: 10.529 GC heap after
{Heap after GC invocations=30 (full 0):
 garbage-first heap   total 83968K, used 44768K [0x0000000080000000, 0x0000000100000000)
  region size 1024K, 2 young (2048K), 2 survivors (2048K)
 Metaspace       used 39192K, capacity 40250K, committed 40576K, reserved 1085440K
  class space    used 5039K, capacity 5433K, committed 5504K, reserved 1048576K
}
Event: 10.909 GC heap before
{Heap before GC invocations=31 (full 0):
 garbage-first heap   total 83968K, used 57056K [0x0000000080000000, 0x0000000100000000)
  region size 1024K, 15 young (15360K), 2 survivors (2048K)
 Metaspace       used 39722K, capacity 40791K, committed 40832K, reserved 1085440K
  class space    used 5093K, capacity 5502K, committed 5504K, reserved 1048576K
}
Event: 10.919 GC heap after
{Heap after GC invocations=32 (full 0):
 garbage-first heap   total 83968K, used 46592K [0x0000000080000000, 0x0000000100000000)
  region size 1024K, 3 young (3072K), 3 survivors (3072K)
 Metaspace       used 39722K, capacity 40791K, committed 40832K, reserved 1085440K
  class space    used 5093K, capacity 5502K, committed 5504K, reserved 1048576K
}
Event: 11.394 GC heap before
{Heap before GC invocations=33 (full 0):
 garbage-first heap   total 83968K, used 66048K [0x0000000080000000, 0x0000000100000000)
  region size 1024K, 19 young (19456K), 3 survivors (3072K)
 Metaspace       used 41997K, capacity 43069K, committed 43136K, reserved 1087488K
  class space    used 5313K, capacity 5705K, committed 5760K, reserved 1048576K
}
Event: 11.400 GC heap after
{Heap after GC invocations=34 (full 0):
 garbage-first heap   total 83968K, used 46921K [0x0000000080000000, 0x0000000100000000)
  region size 1024K, 1 young (1024K), 1 survivors (1024K)
 Metaspace       used 41997K, capacity 43069K, committed 43136K, reserved 1087488K
  class space    used 5313K, capacity 5705K, committed 5760K, reserved 1048576K
}
Event: 11.608 GC heap before
{Heap before GC invocations=34 (full 0):
 garbage-first heap   total 83968K, used 62281K [0x0000000080000000, 0x0000000100000000)
  region size 1024K, 17 young (17408K), 1 survivors (1024K)
 Metaspace       used 43302K, capacity 44343K, committed 44672K, reserved 1087488K
  class space    used 5506K, capacity 5898K, committed 6016K, reserved 1048576K
}
Event: 11.613 GC heap after
{Heap after GC invocations=35 (full 0):
 garbage-first heap   total 83968K, used 47346K [0x0000000080000000, 0x0000000100000000)
  region size 1024K, 2 young (2048K), 2 survivors (2048K)
 Metaspace       used 43302K, capacity 44343K, committed 44672K, reserved 1087488K
  class space    used 5506K, capacity 5898K, committed 6016K, reserved 1048576K
}
Event: 11.951 GC heap before
{Heap before GC invocations=36 (full 0):
 garbage-first heap   total 83968K, used 57586K [0x0000000080000000, 0x0000000100000000)
  region size 1024K, 14 young (14336K), 2 survivors (2048K)
 Metaspace       used 43949K, capacity 45047K, committed 45184K, reserved 1089536K
  class space    used 5607K, capacity 5998K, committed 6016K, reserved 1048576K
}

Deoptimization events (20 events):
Event: 11.192 Thread 0x0000017326ab0000 DEOPT PACKING pc=0x00000173159592e8 sp=0x00000036bc1fe2c0
Event: 11.192 Thread 0x0000017326ab0000 DEOPT UNPACKING pc=0x000001730de1a1af sp=0x00000036bc1fe250 mode 2
Event: 11.221 Thread 0x0000017326757000 Uncommon trap: trap_request=0xffffff4d fr.pc=0x0000017315a3186c relative=0x000000000000004c
Event: 11.221 Thread 0x0000017326757000 Uncommon trap: reason=unstable_if action=reinterpret pc=0x0000017315a3186c method=java.util.stream.StreamOpFlag.fromCharacteristics(Ljava/util/Spliterator;)I @ 10 c2
Event: 11.221 Thread 0x0000017326757000 DEOPT PACKING pc=0x0000017315a3186c sp=0x00000036bb6f96f0
Event: 11.221 Thread 0x0000017326757000 DEOPT UNPACKING pc=0x000001730de1a1af sp=0x00000036bb6f9688 mode 2
Event: 11.228 Thread 0x00000173269ca800 Uncommon trap: trap_request=0xffffffbe fr.pc=0x0000017315a1e73c relative=0x000000000000053c
Event: 11.228 Thread 0x00000173269ca800 Uncommon trap: reason=profile_predicate action=maybe_recompile pc=0x0000017315a1e73c method=java.util.stream.ReferencePipeline.forEachWithCancel(Ljava/util/Spliterator;Ljava/util/stream/Sink;)Z @ 8 c2
Event: 11.228 Thread 0x00000173269ca800 DEOPT PACKING pc=0x0000017315a1e73c sp=0x00000036baefec60
Event: 11.228 Thread 0x00000173269ca800 DEOPT UNPACKING pc=0x000001730de1a1af sp=0x00000036baefec00 mode 2
Event: 11.799 Thread 0x0000017326757000 Uncommon trap: trap_request=0xffffffbe fr.pc=0x0000017315a1e73c relative=0x000000000000053c
Event: 11.799 Thread 0x0000017326757000 Uncommon trap: reason=profile_predicate action=maybe_recompile pc=0x0000017315a1e73c method=java.util.stream.ReferencePipeline.forEachWithCancel(Ljava/util/Spliterator;Ljava/util/stream/Sink;)Z @ 8 c2
Event: 11.799 Thread 0x0000017326757000 DEOPT PACKING pc=0x0000017315a1e73c sp=0x00000036bb6f88c0
Event: 11.799 Thread 0x0000017326757000 DEOPT UNPACKING pc=0x000001730de1a1af sp=0x00000036bb6f8860 mode 2
Event: 11.800 Thread 0x0000017326757000 Uncommon trap: trap_request=0xffffffbe fr.pc=0x0000017315a1e73c relative=0x000000000000053c
Event: 11.800 Thread 0x0000017326757000 Uncommon trap: reason=profile_predicate action=maybe_recompile pc=0x0000017315a1e73c method=java.util.stream.ReferencePipeline.forEachWithCancel(Ljava/util/Spliterator;Ljava/util/stream/Sink;)Z @ 8 c2
Event: 11.800 Thread 0x0000017326757000 DEOPT PACKING pc=0x0000017315a1e73c sp=0x00000036bb6f8540
Event: 11.800 Thread 0x0000017326757000 DEOPT UNPACKING pc=0x000001730de1a1af sp=0x00000036bb6f84e0 mode 2
Event: 11.899 Thread 0x0000017326757000 DEOPT PACKING pc=0x000001730e9eafcc sp=0x00000036bb6f9a00
Event: 11.899 Thread 0x0000017326757000 DEOPT UNPACKING pc=0x000001730de1a95e sp=0x00000036bb6f8fa0 mode 0

Classes redefined (0 events):
No events

Internal exceptions (20 events):
Event: 11.246 Thread 0x0000017326757000 Exception <a 'java/lang/ClassNotFoundException'{0x0000000084b1edf0}: org/gradle/api/internal/initialization/DefaultScriptHandlerBeanInfo> (0x0000000084b1edf0) thrown at [./src/hotspot/share/classfile/systemDictionary.cpp, line 231]
Event: 11.247 Thread 0x0000017326757000 Exception <a 'java/lang/ClassNotFoundException'{0x0000000084b474b0}: org/gradle/api/internal/initialization/DefaultScriptHandlerCustomizer> (0x0000000084b474b0) thrown at [./src/hotspot/share/classfile/systemDictionary.cpp, line 231]
Event: 11.392 Thread 0x0000017326757000 Exception <a 'java/lang/ClassNotFoundException'{0x0000000083f8d850}: org/gradle/api/internal/artifacts/dsl/dependencies/DefaultDependencyHandler_DecoratedBeanInfo> (0x0000000083f8d850) thrown at [./src/hotspot/share/classfile/systemDictionary.cpp, line 231]
Event: 11.393 Thread 0x0000017326757000 Exception <a 'java/lang/ClassNotFoundException'{0x0000000083fca380}: org/gradle/api/internal/artifacts/dsl/dependencies/DefaultDependencyHandlerBeanInfo> (0x0000000083fca380) thrown at [./src/hotspot/share/classfile/systemDictionary.cpp, line 231]
Event: 11.401 Thread 0x0000017326757000 Exception <a 'java/lang/ClassNotFoundException'{0x0000000085107a30}: org/gradle/api/internal/artifacts/dsl/dependencies/DefaultDependencyHandlerCustomizer> (0x0000000085107a30) thrown at [./src/hotspot/share/classfile/systemDictionary.cpp, line 231]
Event: 11.404 Thread 0x0000017326757000 Exception <a 'java/lang/ClassNotFoundException'{0x000000008516ead0}: org/gradle/api/internal/artifacts/dsl/dependencies/DefaultDependencyHandler_DecoratedCustomizer> (0x000000008516ead0) thrown at [./src/hotspot/share/classfile/systemDictionary.cpp, line 231]
Event: 11.565 Thread 0x0000017326757000 Exception <a 'java/lang/NoSuchMethodError'{0x00000000845be660}: 'int java.lang.invoke.DirectMethodHandle$Holder.invokeInterface(java.lang.Object, java.lang.Object)'> (0x00000000845be660) thrown at [./src/hotspot/share/interpreter/linkResolver.cpp, line 773]
Event: 11.565 Thread 0x0000017326757000 Exception <a 'java/lang/IncompatibleClassChangeError'{0x00000000845c2140}: Found class java.lang.Object, but interface was expected> (0x00000000845c2140) thrown at [./src/hotspot/share/interpreter/linkResolver.cpp, line 839]
Event: 11.788 Thread 0x0000017326757000 Exception <a 'java/lang/NoSuchMethodError'{0x0000000084b7a898}: 'int java.lang.invoke.DirectMethodHandle$Holder.invokeStaticInit(java.lang.Object)'> (0x0000000084b7a898) thrown at [./src/hotspot/share/interpreter/linkResolver.cpp, line 773]
Event: 11.825 Thread 0x0000017326ab3000 Exception <a 'sun/nio/fs/WindowsException'{0x0000000084ac1978}> (0x0000000084ac1978) thrown at [./src/hotspot/share/prims/jni.cpp, line 616]
Event: 11.832 Thread 0x0000017326ab3000 Exception <a 'sun/nio/fs/WindowsException'{0x0000000084af1af8}> (0x0000000084af1af8) thrown at [./src/hotspot/share/prims/jni.cpp, line 616]
Event: 11.834 Thread 0x0000017326ab3000 Exception <a 'sun/nio/fs/WindowsException'{0x0000000084af1c60}> (0x0000000084af1c60) thrown at [./src/hotspot/share/prims/jni.cpp, line 616]
Event: 11.841 Thread 0x0000017326757000 Exception <a 'java/lang/ClassNotFoundException'{0x000000008493a278}: sync_studio_tooling11_10lhbj1seg0cipisa5jmttjw3BeanInfo> (0x000000008493a278) thrown at [./src/hotspot/share/classfile/systemDictionary.cpp, line 231]
Event: 11.842 Thread 0x0000017326757000 Exception <a 'java/lang/ClassNotFoundException'{0x0000000084946ae8}: sync_studio_tooling11_10lhbj1seg0cipisa5jmttjw3Customizer> (0x0000000084946ae8) thrown at [./src/hotspot/share/classfile/systemDictionary.cpp, line 231]
Event: 11.868 Thread 0x0000017326757000 Exception <a 'java/lang/ClassNotFoundException'{0x0000000084822700}: ijinit_eeltfn428cbod0z8tvarldlm7BeanInfo> (0x0000000084822700) thrown at [./src/hotspot/share/classfile/systemDictionary.cpp, line 231]
Event: 11.868 Thread 0x0000017326757000 Exception <a 'java/lang/ClassNotFoundException'{0x000000008482e0d8}: ijinit_eeltfn428cbod0z8tvarldlm7Customizer> (0x000000008482e0d8) thrown at [./src/hotspot/share/classfile/systemDictionary.cpp, line 231]
Event: 11.876 Thread 0x0000017326757000 Exception <a 'java/lang/ClassNotFoundException'{0x00000000848817f0}: ijinit_eeltfn428cbod0z8tvarldlm7$_run_closure1BeanInfo> (0x00000000848817f0) thrown at [./src/hotspot/share/classfile/systemDictionary.cpp, line 231]
Event: 11.876 Thread 0x0000017326757000 Exception <a 'java/lang/ClassNotFoundException'{0x00000000848887f0}: ijinit_eeltfn428cbod0z8tvarldlm7$_run_closure1Customizer> (0x00000000848887f0) thrown at [./src/hotspot/share/classfile/systemDictionary.cpp, line 231]
Event: 11.942 Thread 0x0000017326757000 Exception <a 'java/lang/ClassNotFoundException'{0x00000000847b0c20}: ijinit_eeltfn428cbod0z8tvarldlm7BeanInfo> (0x00000000847b0c20) thrown at [./src/hotspot/share/classfile/systemDictionary.cpp, line 231]
Event: 11.942 Thread 0x0000017326757000 Exception <a 'java/lang/ClassNotFoundException'{0x00000000847bc7e8}: ijinit_eeltfn428cbod0z8tvarldlm7Customizer> (0x00000000847bc7e8) thrown at [./src/hotspot/share/classfile/systemDictionary.cpp, line 231]

Events (20 events):
Event: 11.876 loading class ijinit_eeltfn428cbod0z8tvarldlm7$_run_closure1Customizer done
Event: 11.905 loading class com/google/common/cache/RemovalNotification
Event: 11.905 loading class com/google/common/cache/RemovalNotification done
Event: 11.905 Executing VM operation: Deoptimize
Event: 11.906 Executing VM operation: Deoptimize done
Event: 11.917 loading class org/gradle/internal/snapshot/LargeChildMap
Event: 11.917 loading class org/gradle/internal/snapshot/LargeChildMap done
Event: 11.940 loading class groovy/runtime/metaclass/ijinit_eeltfn428cbod0z8tvarldlm7MetaClass
Event: 11.940 loading class groovy/runtime/metaclass/ijinit_eeltfn428cbod0z8tvarldlm7MetaClass done
Event: 11.942 loading class ijinit_eeltfn428cbod0z8tvarldlm7BeanInfo
Event: 11.942 loading class ijinit_eeltfn428cbod0z8tvarldlm7BeanInfo done
Event: 11.942 loading class ijinit_eeltfn428cbod0z8tvarldlm7BeanInfo
Event: 11.942 loading class ijinit_eeltfn428cbod0z8tvarldlm7BeanInfo done
Event: 11.942 loading class ijinit_eeltfn428cbod0z8tvarldlm7Customizer
Event: 11.942 loading class ijinit_eeltfn428cbod0z8tvarldlm7Customizer done
Event: 11.942 loading class ijinit_eeltfn428cbod0z8tvarldlm7Customizer
Event: 11.942 loading class ijinit_eeltfn428cbod0z8tvarldlm7Customizer done
Event: 11.944 loading class JetGradlePlugin
Event: 11.944 loading class JetGradlePlugin done
Event: 11.951 Executing VM operation: G1CollectForAllocation


Dynamic libraries:
0x00007ff661730000 - 0x00007ff66173a000 	C:\Program Files\Android\Android Studio\jre\bin\java.exe
0x00007ffd9ec10000 - 0x00007ffd9ee08000 	C:\Windows\SYSTEM32\ntdll.dll
0x00007ffd9cec0000 - 0x00007ffd9cf7d000 	C:\Windows\System32\KERNEL32.DLL
0x00007ffd9c990000 - 0x00007ffd9cc62000 	C:\Windows\System32\KERNELBASE.dll
0x00007ffd9c840000 - 0x00007ffd9c940000 	C:\Windows\System32\ucrtbase.dll
0x00007ffd8b330000 - 0x00007ffd8b347000 	C:\Program Files\Android\Android Studio\jre\bin\VCRUNTIME140.dll
0x00007ffd86cd0000 - 0x00007ffd86ce9000 	C:\Program Files\Android\Android Studio\jre\bin\jli.dll
0x00007ffd9e800000 - 0x00007ffd9e99d000 	C:\Windows\System32\USER32.dll
0x00007ffd9c7e0000 - 0x00007ffd9c802000 	C:\Windows\System32\win32u.dll
0x00007ffd9eab0000 - 0x00007ffd9eadb000 	C:\Windows\System32\GDI32.dll
0x00007ffd9c6d0000 - 0x00007ffd9c7df000 	C:\Windows\System32\gdi32full.dll
0x00007ffd84f10000 - 0x00007ffd851aa000 	C:\Windows\WinSxS\amd64_microsoft.windows.common-controls_6595b64144ccf1df_6.0.19041.1110_none_60b5254171f9507e\COMCTL32.dll
0x00007ffd9c580000 - 0x00007ffd9c61d000 	C:\Windows\System32\msvcp_win.dll
0x00007ffd9e6b0000 - 0x00007ffd9e74e000 	C:\Windows\System32\msvcrt.dll
0x00007ffd9e4d0000 - 0x00007ffd9e500000 	C:\Windows\System32\IMM32.DLL
0x00007ffd6d950000 - 0x00007ffd6d9ed000 	C:\Program Files\Android\Android Studio\jre\bin\msvcp140.dll
0x00007ffd4f660000 - 0x00007ffd50162000 	C:\Program Files\Android\Android Studio\jre\bin\server\jvm.dll
0x00007ffd9e750000 - 0x00007ffd9e7fe000 	C:\Windows\System32\ADVAPI32.dll
0x00007ffd9e430000 - 0x00007ffd9e4cc000 	C:\Windows\System32\sechost.dll
0x00007ffd9e300000 - 0x00007ffd9e425000 	C:\Windows\System32\RPCRT4.dll
0x00007ffd9eae0000 - 0x00007ffd9eae8000 	C:\Windows\System32\PSAPI.DLL
0x00007ffd87a60000 - 0x00007ffd87a69000 	C:\Windows\SYSTEM32\WSOCK32.dll
0x00007ffd93e70000 - 0x00007ffd93e97000 	C:\Windows\SYSTEM32\WINMM.dll
0x00007ffd9eb00000 - 0x00007ffd9eb6b000 	C:\Windows\System32\WS2_32.dll
0x00007ffd93fb0000 - 0x00007ffd93fba000 	C:\Windows\SYSTEM32\VERSION.dll
0x00007ffd9a1e0000 - 0x00007ffd9a1f2000 	C:\Windows\SYSTEM32\kernel.appcore.dll
0x00007ffd89f70000 - 0x00007ffd89f81000 	C:\Program Files\Android\Android Studio\jre\bin\verify.dll
0x00007ffd89a40000 - 0x00007ffd89c24000 	C:\Windows\SYSTEM32\DBGHELP.DLL
0x00007ffd85690000 - 0x00007ffd856bc000 	C:\Windows\SYSTEM32\dbgcore.DLL
0x00007ffd9c320000 - 0x00007ffd9c3a2000 	C:\Windows\System32\bcryptPrimitives.dll
0x00007ffd89f40000 - 0x00007ffd89f69000 	C:\Program Files\Android\Android Studio\jre\bin\java.dll
0x00007ffd96e90000 - 0x00007ffd96e9b000 	C:\Program Files\Android\Android Studio\jre\bin\jimage.dll
0x00007ffd89ef0000 - 0x00007ffd89f08000 	C:\Program Files\Android\Android Studio\jre\bin\zip.dll
0x00007ffd9d610000 - 0x00007ffd9dd53000 	C:\Windows\System32\SHELL32.dll
0x00007ffd9a3e0000 - 0x00007ffd9ab71000 	C:\Windows\SYSTEM32\windows.storage.dll
0x00007ffd9dd60000 - 0x00007ffd9e0b4000 	C:\Windows\System32\combase.dll
0x00007ffd9bca0000 - 0x00007ffd9bcd0000 	C:\Windows\SYSTEM32\Wldp.dll
0x00007ffd9d560000 - 0x00007ffd9d60d000 	C:\Windows\System32\SHCORE.dll
0x00007ffd9e9a0000 - 0x00007ffd9e9f5000 	C:\Windows\System32\shlwapi.dll
0x00007ffd9c260000 - 0x00007ffd9c27f000 	C:\Windows\SYSTEM32\profapi.dll
0x00007ffd89ed0000 - 0x00007ffd89eea000 	C:\Program Files\Android\Android Studio\jre\bin\net.dll
0x00007ffd87a80000 - 0x00007ffd87b8d000 	C:\Windows\SYSTEM32\WINHTTP.dll
0x00007ffd9ba00000 - 0x00007ffd9ba6a000 	C:\Windows\system32\mswsock.dll
0x00007ffd89eb0000 - 0x00007ffd89ec4000 	C:\Program Files\Android\Android Studio\jre\bin\nio.dll
0x00007ffd89fd0000 - 0x00007ffd89ff7000 	C:\Users\trust\.gradle\native\e1d6ef7f7dcc3fd88c89a11ec53ec762bb8ba0a96d01ffa2cd45eb1d1d8dd5c5\windows-amd64\native-platform.dll
0x00007ffd65bf0000 - 0x00007ffd65d34000 	C:\Users\trust\.gradle\native\0d407fdbe67a94daf76414ababcb853783967236a71b16ec16e742cd7a986fd3\windows-amd64\native-platform-file-events.dll
0x00007ffd967c0000 - 0x00007ffd967ca000 	C:\Program Files\Android\Android Studio\jre\bin\management.dll
0x00007ffd96680000 - 0x00007ffd9668d000 	C:\Program Files\Android\Android Studio\jre\bin\management_ext.dll
0x00007ffd9bc00000 - 0x00007ffd9bc18000 	C:\Windows\SYSTEM32\CRYPTSP.dll
0x00007ffd9b320000 - 0x00007ffd9b354000 	C:\Windows\system32\rsaenh.dll
0x00007ffd9c810000 - 0x00007ffd9c837000 	C:\Windows\System32\bcrypt.dll
0x00007ffd9c1e0000 - 0x00007ffd9c20e000 	C:\Windows\SYSTEM32\USERENV.dll
0x00007ffd9bbf0000 - 0x00007ffd9bbfc000 	C:\Windows\SYSTEM32\CRYPTBASE.dll
0x00007ffd9b6f0000 - 0x00007ffd9b72b000 	C:\Windows\SYSTEM32\IPHLPAPI.DLL
0x00007ffd9eaf0000 - 0x00007ffd9eaf8000 	C:\Windows\System32\NSI.dll
0x00007ffd91c20000 - 0x00007ffd91c37000 	C:\Windows\SYSTEM32\dhcpcsvc6.DLL
0x00007ffd93950000 - 0x00007ffd9396d000 	C:\Windows\SYSTEM32\dhcpcsvc.DLL
0x00007ffd9b730000 - 0x00007ffd9b7fa000 	C:\Windows\SYSTEM32\DNSAPI.dll

dbghelp: loaded successfully - version: 4.0.5 - missing functions: none
symbol engine: initialized successfully - sym options: 0x614 - pdb path: .;C:\Program Files\Android\Android Studio\jre\bin;C:\Windows\SYSTEM32;C:\Windows\WinSxS\amd64_microsoft.windows.common-controls_6595b64144ccf1df_6.0.19041.1110_none_60b5254171f9507e;C:\Program Files\Android\Android Studio\jre\bin\server;C:\Users\trust\.gradle\native\e1d6ef7f7dcc3fd88c89a11ec53ec762bb8ba0a96d01ffa2cd45eb1d1d8dd5c5\windows-amd64;C:\Users\trust\.gradle\native\0d407fdbe67a94daf76414ababcb853783967236a71b16ec16e742cd7a986fd3\windows-amd64

VM Arguments:
jvm_args: --add-opens=java.base/java.util=ALL-UNNAMED --add-opens=java.base/java.lang=ALL-UNNAMED --add-opens=java.base/java.lang.invoke=ALL-UNNAMED --add-opens=java.base/java.util=ALL-UNNAMED --add-opens=java.prefs/java.util.prefs=ALL-UNNAMED --add-opens=java.prefs/java.util.prefs=ALL-UNNAMED --add-opens=java.base/java.nio.charset=ALL-UNNAMED --add-opens=java.base/java.net=ALL-UNNAMED --add-opens=java.base/java.util.concurrent.atomic=ALL-UNNAMED -Xmx2048m -Dfile.encoding=UTF-8 -Duser.country=RU -Duser.language=ru -Duser.variant 
java_command: org.gradle.launcher.daemon.bootstrap.GradleDaemon 7.4
java_class_path (initial): C:\Users\trust\.gradle\wrapper\dists\gradle-7.4-bin\c0gwcg53nkjbqw7r0h0umtfvt\gradle-7.4\lib\gradle-launcher-7.4.jar
Launcher Type: SUN_STANDARD

[Global flags]
     intx CICompilerCount                          = 3                                         {product} {ergonomic}
     uint ConcGCThreads                            = 1                                         {product} {ergonomic}
     uint G1ConcRefinementThreads                  = 4                                         {product} {ergonomic}
   size_t G1HeapRegionSize                         = 1048576                                   {product} {ergonomic}
    uintx GCDrainStackTargetSize                   = 64                                        {product} {ergonomic}
   size_t InitialHeapSize                          = 58720256                                  {product} {ergonomic}
   size_t MarkStackSize                            = 4194304                                   {product} {ergonomic}
   size_t MaxHeapSize                              = 2147483648                                {product} {command line}
   size_t MaxNewSize                               = 1287651328                                {product} {ergonomic}
   size_t MinHeapDeltaBytes                        = 1048576                                   {product} {ergonomic}
    uintx NonNMethodCodeHeapSize                   = 5830732                                {pd product} {ergonomic}
    uintx NonProfiledCodeHeapSize                  = 122913754                              {pd product} {ergonomic}
    uintx ProfiledCodeHeapSize                     = 122913754                              {pd product} {ergonomic}
    uintx ReservedCodeCacheSize                    = 251658240                              {pd product} {ergonomic}
     bool SegmentedCodeCache                       = true                                      {product} {ergonomic}
     bool UseCompressedClassPointers               = true                                 {lp64_product} {ergonomic}
     bool UseCompressedOops                        = true                                 {lp64_product} {ergonomic}
     bool UseG1GC                                  = true                                      {product} {ergonomic}
     bool UseLargePagesIndividualAllocation        = false                                  {pd product} {ergonomic}

Logging:
Log output configuration:
 #0: stdout all=warning uptime,level,tags
 #1: stderr all=off uptime,level,tags

Environment Variables:
PATH=C:\Windows\system32;C:\Windows;C:\Windows\System32\Wbem;C:\Windows\System32\WindowsPowerShell\v1.0\;C:\Windows\System32\OpenSSH\;C:\Program Files\Git\cmd;C:\Users\trust\AppData\Local\Microsoft\WindowsApps;C:\Gradle\gradle-6.9.3\bin;
USERNAME=trust
OS=Windows_NT
PROCESSOR_IDENTIFIER=AMD64 Family 23 Model 24 Stepping 1, AuthenticAMD



---------------  S Y S T E M  ---------------

OS: Windows 10 , 64 bit Build 19041 (10.0.19041.1889)
OS uptime: 4 days 22:05 hours

CPU:total 4 (initial active 4) (4 cores per cpu, 2 threads per core) family 23 model 24 stepping 1 microcode 0x0, cmov, cx8, fxsr, mmx, sse, sse2, sse3, ssse3, sse4.1, sse4.2, popcnt, avx, avx2, aes, clmul, mmxext, 3dnowpref, lzcnt, sse4a, ht, tsc, tscinvbit, tscinv, bmi1, bmi2, adx, sha, fma

Memory: 4k page, system-wide physical 3500M (67M free)
TotalPageFile size 14252M (AvailPageFile size 20M)
current process WorkingSet (physical memory assigned to process): 187M, peak: 189M
current process commit charge ("private bytes"): 250M, peak: 267M

vm_info: OpenJDK 64-Bit Server VM (11.0.13+0-b1751.21-8125866) for windows-amd64 JRE (11.0.13+0-b1751.21-8125866), built on Feb  2 2022 03:00:22 by "builder" with MS VC++ 14.0 (VS2015)

END.
